#
# A fatal error has been detected by the Java Runtime Environment:
#
#  EXCEPTION_ACCESS_VIOLATION (0xc0000005) at pc=0x00007fff29db809c, pid=19504, tid=12588
#
# JRE version: Java(TM) SE Runtime Environment (17.0.10+11) (build 17.0.10+11-LTS-240)
# Java VM: Java HotSpot(TM) 64-Bit Server VM (17.0.10+11-LTS-240, mixed mode, sharing, tiered, compressed oops, compressed class ptrs, g1 gc, windows-amd64)
# Problematic frame:
# V  [jvm.dll+0x24809c]
#
# No core dump will be written. Minidumps are not enabled by default on client versions of Windows
#
# If you would like to submit a bug report, please visit:
#   https://bugreport.java.com/bugreport/crash.jsp
#

---------------  S U M M A R Y ------------

Command Line: C:\Users\Sibghatullah Durrani\AppData\Local\Temp\surefire15169637436052404411\surefirebooter-20240404143936916_3.jar C:\Users\Sibghatullah Durrani\AppData\Local\Temp\surefire15169637436052404411 2024-04-04T14-39-36_753-jvmRun1 surefire-20240404143936916_1tmp surefire_0-20240404143936916_2tmp

Host: Intel(R) Core(TM) i5-8500 CPU @ 3.00GHz, 6 cores, 7G,  Windows 11 , 64 bit Build 22000 (10.0.22000.2538)
Time: Thu Apr  4 14:39:58 2024 Pakistan Standard Time elapsed time: 20.894414 seconds (0d 0h 0m 20s)

---------------  T H R E A D  ---------------

Current thread (0x000002723e6cb0e0):  JavaThread "C1 CompilerThread0" daemon [_thread_in_native, id=12588, stack(0x000000c706800000,0x000000c706900000)]


Current CompileTask:
C1:  20894 18376   !   3       org.springframework.beans.factory.support.AbstractAutowireCapableBeanFactory::getTypeForFactoryMethod (540 bytes)

Stack: [0x000000c706800000,0x000000c706900000],  sp=0x000000c7068feac0,  free space=1018k
Native frames: (J=compiled Java code, j=interpreted, Vv=VM code, C=native code)
V  [jvm.dll+0x24809c]
V  [jvm.dll+0x247b49]
V  [jvm.dll+0x14a34a]
V  [jvm.dll+0x14a2d1]
V  [jvm.dll+0x150237]
V  [jvm.dll+0x132e6b]
V  [jvm.dll+0x1512b2]
V  [jvm.dll+0x134c53]
V  [jvm.dll+0x13479a]
V  [jvm.dll+0x134988]
V  [jvm.dll+0x133e21]
V  [jvm.dll+0x135abd]
V  [jvm.dll+0x226aeb]
V  [jvm.dll+0x224cab]
V  [jvm.dll+0x78e45c]
V  [jvm.dll+0x78888a]
V  [jvm.dll+0x676935]
C  [ucrtbase.dll+0x26c0c]
C  [KERNEL32.DLL+0x153e0]
C  [ntdll.dll+0x485b]


siginfo: EXCEPTION_ACCESS_VIOLATION (0xc0000005), reading address 0x000002721e28ab40


Registers:
RAX=0x00000272884b3bf0, RBX=0x00000272884b3bd0, RCX=0x000002721e28ab40, RDX=0x0000027285564390
RSP=0x000000c7068feac0, RBP=0x000002723e6cbf60, RSI=0x0000000000000008, RDI=0x0000000000000001
R8 =0x0000000000000bdc, R9 =0x000002728f0150a8, R10=0x0000000000000007, R11=0x000000c7068feb00
R12=0x000002723e6911b0, R13=0x000000c7068ff500, R14=0x0000000000000bdb, R15=0x0000000000000000
RIP=0x00007fff29db809c, EFLAGS=0x0000000000010297


Register to memory mapping:

RIP=0x00007fff29db809c jvm.dll
RAX=0x00000272884b3bf0 points into unknown readable memory: 0x000002721e68ab40 | 40 ab 68 1e 72 02 00 00
RBX=0x00000272884b3bd0 points into unknown readable memory: 0x0000000200000002 | 02 00 00 00 02 00 00 00
RCX=0x000002721e28ab40 is an unknown value
RDX=0x0000027285564390 points into unknown readable memory: 0x00000272855643b0 | b0 43 56 85 72 02 00 00
RSP=0x000000c7068feac0 is pointing into the stack for thread: 0x000002723e6cb0e0
RBP=0x000002723e6cbf60 points into unknown readable memory: 0x0000027285567530 | 30 75 56 85 72 02 00 00
RSI=0x0000000000000008 is an unknown value
RDI=0x0000000000000001 is an unknown value
R8 =0x0000000000000bdc is an unknown value
R9 =0x000002728f0150a8 points into unknown readable memory: 0x0000000700000bbf | bf 0b 00 00 07 00 00 00
R10=0x0000000000000007 is an unknown value
R11=0x000000c7068feb00 is pointing into the stack for thread: 0x000002723e6cb0e0
R12=0x000002723e6911b0 points into unknown readable memory: 0x00007fff2a435d50 | 50 5d 43 2a ff 7f 00 00
R13=0x000000c7068ff500 is pointing into the stack for thread: 0x000002723e6cb0e0
R14=0x0000000000000bdb is an unknown value
R15=0x0 is NULL


Top of Stack: (sp=0x000000c7068feac0)
0x000000c7068feac0:   0000000000000000 00000272884b3bd0
0x000000c7068fead0:   00000272884b3bd0 000002723e6cbf60
0x000000c7068feae0:   000002723e6cbf60 00007fff29db7b49
0x000000c7068feaf0:   00000272884b3c00 0000000000000014
0x000000c7068feb00:   0000000000004b66 0000027288699870
0x000000c7068feb10:   0000000000000014 00007fff29cba34a
0x000000c7068feb20:   0000027288699870 000002723e6cbf60
0x000000c7068feb30:   00000272884b3c00 00007fff29da8e58
0x000000c7068feb40:   0000000000000000 000002728f016a50
0x000000c7068feb50:   000000c7068ff148 000000000000000a
0x000000c7068feb60:   0000027286f3d9f0 00007fff2a1d4b96
0x000000c7068feb70:   000002728f016a50 0000000000004b66
0x000000c7068feb80:   0000000000000010 00007fff29db79e9
0x000000c7068feb90:   0000000000004b66 00007fff29db7a37
0x000000c7068feba0:   000002728f016a50 0000027286f3d9f0
0x000000c7068febb0:   00007fff2a60fc20 000002723e6cbf60 

Instructions: (pc=0x00007fff29db809c)
0x00007fff29db7f9c:   6c 24 30 4c 8b 64 24 68 48 8b 7c 24 60 48 63 ce
0x00007fff29db7fac:   48 8b 74 24 58 48 8b 14 c8 48 3b d3 74 0d 48 89
0x00007fff29db7fbc:   5d 28 8b 02 48 83 c4 38 5d 5b c3 33 c0 48 83 c4
0x00007fff29db7fcc:   38 5d 5b c3 40 53 48 83 ec 20 83 79 44 00 48 8b
0x00007fff29db7fdc:   d9 7f 24 4c 8d 0d e2 5e 68 00 ba c1 00 00 00 4c
0x00007fff29db7fec:   8d 05 fe 5e 68 00 48 8d 0d 1f 5f 68 00 e8 d2 d4
0x00007fff29db7ffc:   ff ff e8 6d f5 42 00 48 63 4b 44 48 8b 43 38 48
0x00007fff29db800c:   03 c9 81 7c c8 f0 ff ff ff 7f 74 0d ba ff ff ff
0x00007fff29db801c:   7f 48 8b cb e8 4b f9 ff ff 8b 43 44 c1 e0 04 48
0x00007fff29db802c:   83 c4 20 5b c3 cc cc cc cc cc cc cc cc cc cc cc
0x00007fff29db803c:   cc cc cc cc 48 89 5c 24 20 55 48 83 ec 20 48 8b
0x00007fff29db804c:   da 48 8b e9 48 85 d2 0f 84 8c 00 00 00 8b 12 85
0x00007fff29db805c:   d2 0f 84 82 00 00 00 48 8b 49 10 48 89 7c 24 38
0x00007fff29db806c:   4c 89 74 24 40 44 8b 71 08 e8 f6 3e fa ff 33 ff
0x00007fff29db807c:   39 3b 7e 31 48 89 74 24 30 8b f7 66 0f 1f 84 00
0x00007fff29db808c:   00 00 00 00 48 8b 43 08 48 8b 55 10 48 8b 0c 06
0x00007fff29db809c:   48 8b 01 ff 50 48 ff c7 48 8d 76 08 3b 3b 7c e4
0x00007fff29db80ac:   48 8b 74 24 30 41 8b d6 48 8b cd e8 94 fd ff ff
0x00007fff29db80bc:   48 8b 7c 24 38 8b c8 85 c0 74 0b 48 8b 45 10 44
0x00007fff29db80cc:   89 70 08 44 8b f1 41 8b c6 4c 8b 74 24 40 48 8b
0x00007fff29db80dc:   5c 24 48 48 83 c4 20 5d c3 48 8b 5c 24 48 33 c0
0x00007fff29db80ec:   48 83 c4 20 5d c3 cc cc cc cc cc cc cc cc cc cc
0x00007fff29db80fc:   cc cc cc cc 0f b6 44 24 30 88 44 24 28 e9 62 24
0x00007fff29db810c:   50 00 cc cc e9 0b 26 50 00 cc cc cc cc cc cc cc
0x00007fff29db811c:   cc cc cc cc 40 53 48 83 ec 20 48 8b d9 e8 02 d6
0x00007fff29db812c:   5b 00 48 8b cb 48 83 c4 20 5b e9 d5 28 50 00 cc
0x00007fff29db813c:   cc cc cc cc 48 89 4c 24 08 48 89 54 24 10 4c 89
0x00007fff29db814c:   44 24 18 4c 89 4c 24 20 48 83 ec 28 4c 8b c1 4c
0x00007fff29db815c:   8d 4c 24 38 48 8d 0d 49 65 8b 00 ba 01 00 00 00
0x00007fff29db816c:   e8 6f 33 32 00 48 83 c4 28 c3 cc cc cc cc cc cc
0x00007fff29db817c:   cc cc cc cc 48 89 4c 24 08 48 89 54 24 10 4c 89
0x00007fff29db818c:   44 24 18 4c 89 4c 24 20 48 83 ec 28 4c 8b c1 4c 


Stack slot to memory mapping:
stack at sp + 0 slots: 0x0 is NULL
stack at sp + 1 slots: 0x00000272884b3bd0 points into unknown readable memory: 0x0000000200000002 | 02 00 00 00 02 00 00 00
stack at sp + 2 slots: 0x00000272884b3bd0 points into unknown readable memory: 0x0000000200000002 | 02 00 00 00 02 00 00 00
stack at sp + 3 slots: 0x000002723e6cbf60 points into unknown readable memory: 0x0000027285567530 | 30 75 56 85 72 02 00 00
stack at sp + 4 slots: 0x000002723e6cbf60 points into unknown readable memory: 0x0000027285567530 | 30 75 56 85 72 02 00 00
stack at sp + 5 slots: 0x00007fff29db7b49 jvm.dll
stack at sp + 6 slots: 0x00000272884b3c00 points into unknown readable memory: 0x00000272856f9b70 | 70 9b 6f 85 72 02 00 00
stack at sp + 7 slots: 0x0000000000000014 is an unknown value


---------------  P R O C E S S  ---------------

Threads class SMR info:
_java_thread_list=0x0000027284addfd0, length=16, elements={
0x00000272209605f0, 0x000002723e6a0770, 0x000002723e6a3500, 0x000002723e6bb790,
0x000002723e6bc150, 0x000002723e6bcb10, 0x000002723e6bd4d0, 0x000002723e6c0980,
0x000002723e6cb0e0, 0x000002723e6d0720, 0x000002723e8f4380, 0x000002723e8fb090,
0x000002723eb26790, 0x0000027284333fa0, 0x0000027288d4c590, 0x0000027285a40490
}

Java Threads: ( => current thread )
  0x00000272209605f0 JavaThread "main" [_thread_in_Java, id=3992, stack(0x000000c705a00000,0x000000c705b00000)]
  0x000002723e6a0770 JavaThread "Reference Handler" daemon [_thread_blocked, id=8060, stack(0x000000c706100000,0x000000c706200000)]
  0x000002723e6a3500 JavaThread "Finalizer" daemon [_thread_blocked, id=14732, stack(0x000000c706200000,0x000000c706300000)]
  0x000002723e6bb790 JavaThread "Signal Dispatcher" daemon [_thread_blocked, id=19772, stack(0x000000c706300000,0x000000c706400000)]
  0x000002723e6bc150 JavaThread "Attach Listener" daemon [_thread_blocked, id=17368, stack(0x000000c706400000,0x000000c706500000)]
  0x000002723e6bcb10 JavaThread "Service Thread" daemon [_thread_blocked, id=19080, stack(0x000000c706500000,0x000000c706600000)]
  0x000002723e6bd4d0 JavaThread "Monitor Deflation Thread" daemon [_thread_blocked, id=18864, stack(0x000000c706600000,0x000000c706700000)]
  0x000002723e6c0980 JavaThread "C2 CompilerThread0" daemon [_thread_in_native, id=1704, stack(0x000000c706700000,0x000000c706800000)]
=>0x000002723e6cb0e0 JavaThread "C1 CompilerThread0" daemon [_thread_in_native, id=12588, stack(0x000000c706800000,0x000000c706900000)]
  0x000002723e6d0720 JavaThread "Sweeper thread" daemon [_thread_blocked, id=19256, stack(0x000000c706900000,0x000000c706a00000)]
  0x000002723e8f4380 JavaThread "Notification Thread" daemon [_thread_blocked, id=19700, stack(0x000000c706a00000,0x000000c706b00000)]
  0x000002723e8fb090 JavaThread "Common-Cleaner" daemon [_thread_blocked, id=19764, stack(0x000000c706c00000,0x000000c706d00000)]
  0x000002723eb26790 JavaThread "surefire-forkedjvm-stream-flusher" daemon [_thread_blocked, id=1320, stack(0x000000c706e00000,0x000000c706f00000)]
  0x0000027284333fa0 JavaThread "surefire-forkedjvm-command-thread" daemon [_thread_in_native, id=17088, stack(0x000000c706f00000,0x000000c707000000)]
  0x0000027288d4c590 JavaThread "C2 CompilerThread1" daemon [_thread_in_native, id=19680, stack(0x000000c706d00000,0x000000c706e00000)]
  0x0000027285a40490 JavaThread "HikariPool-14 housekeeper" daemon [_thread_blocked, id=19304, stack(0x000000c707500000,0x000000c707600000)]

Other Threads:
  0x000002723e69cb40 VMThread "VM Thread" [stack: 0x000000c706000000,0x000000c706100000] [id=19636]
  0x00000272209d5010 WatcherThread [stack: 0x000000c706b00000,0x000000c706c00000] [id=19784]
  0x00000272209bc0a0 GCTaskThread "GC Thread#0" [stack: 0x000000c705b00000,0x000000c705c00000] [id=19524]
  0x0000027284aacac0 GCTaskThread "GC Thread#1" [stack: 0x000000c707000000,0x000000c707100000] [id=15520]
  0x0000027284aacd80 GCTaskThread "GC Thread#2" [stack: 0x000000c707100000,0x000000c707200000] [id=19724]
  0x00000272844d3450 GCTaskThread "GC Thread#3" [stack: 0x000000c707200000,0x000000c707300000] [id=17148]
  0x000002728471d840 GCTaskThread "GC Thread#4" [stack: 0x000000c707300000,0x000000c707400000] [id=18900]
  0x0000027284c8abe0 GCTaskThread "GC Thread#5" [stack: 0x000000c707400000,0x000000c707500000] [id=19144]
  0x00000272209cde00 ConcurrentGCThread "G1 Main Marker" [stack: 0x000000c705c00000,0x000000c705d00000] [id=19472]
  0x00000272209cefb0 ConcurrentGCThread "G1 Conc#0" [stack: 0x000000c705d00000,0x000000c705e00000] [id=19016]
  0x0000027284e1ce90 ConcurrentGCThread "G1 Conc#1" [stack: 0x000000c707700000,0x000000c707800000] [id=19396]
  0x0000027220a3de40 ConcurrentGCThread "G1 Refine#0" [stack: 0x000000c705e00000,0x000000c705f00000] [id=19704]
  0x000002723e5534e0 ConcurrentGCThread "G1 Service" [stack: 0x000000c705f00000,0x000000c706000000] [id=19708]

Threads with active compile tasks:
C2 CompilerThread0    20982 18310   !   4       org.springframework.beans.factory.support.DefaultSingletonBeanRegistry::destroyBean (346 bytes)
C1 CompilerThread0    20982 18376   !   3       org.springframework.beans.factory.support.AbstractAutowireCapableBeanFactory::getTypeForFactoryMethod (540 bytes)
C2 CompilerThread1    20982 18395       4       net.bytebuddy.jar.asm.SymbolTable::addConstantMemberReference (147 bytes)

VM state: not at safepoint (normal execution)

VM Mutex/Monitor currently owned by a thread: None

Heap address: 0x0000000081000000, size: 2032 MB, Compressed Oops mode: 32-bit

CDS archive(s) mapped at: [0x000002723f000000-0x000002723fbd0000-0x000002723fbd0000), size 12386304, SharedBaseAddress: 0x000002723f000000, ArchiveRelocationMode: 1.
Compressed class space mapped at: 0x0000027240000000-0x0000027280000000, reserved size: 1073741824
Narrow klass base: 0x000002723f000000, Narrow klass shift: 0, Narrow klass range: 0x100000000

GC Precious Log:
 CPUs: 6 total, 6 available
 Memory: 8125M
 Large Page Support: Disabled
 NUMA Support: Disabled
 Compressed Oops: Enabled (32-bit)
 Heap Region Size: 1M
 Heap Min Capacity: 8M
 Heap Initial Capacity: 128M
 Heap Max Capacity: 2032M
 Pre-touch: Disabled
 Parallel Workers: 6
 Concurrent Workers: 2
 Concurrent Refinement Workers: 6
 Periodic GC: Disabled

Heap:
 garbage-first heap   total 382976K, used 188708K [0x0000000081000000, 0x0000000100000000)
  region size 1024K, 120 young (122880K), 15 survivors (15360K)
 Metaspace       used 92726K, committed 93376K, reserved 1179648K
  class space    used 12472K, committed 12800K, reserved 1048576K

Heap Regions: E=young(eden), S=young(survivor), O=old, HS=humongous(starts), HC=humongous(continues), CS=collection set, F=free, OA=open archive, CA=closed archive, TAMS=top-at-mark-start (previous, next)
|   0|0x0000000081000000, 0x0000000081100000, 0x0000000081100000|100%|HS|  |TAMS 0x0000000081100000, 0x0000000081000000| Complete 
|   1|0x0000000081100000, 0x0000000081200000, 0x0000000081200000|100%| O|  |TAMS 0x0000000081200000, 0x0000000081100000| Untracked 
|   2|0x0000000081200000, 0x0000000081300000, 0x0000000081300000|100%| O|  |TAMS 0x0000000081300000, 0x0000000081200000| Untracked 
|   3|0x0000000081300000, 0x0000000081400000, 0x0000000081400000|100%| O|  |TAMS 0x0000000081400000, 0x0000000081300000| Untracked 
|   4|0x0000000081400000, 0x0000000081500000, 0x0000000081500000|100%| O|  |TAMS 0x0000000081500000, 0x0000000081400000| Untracked 
|   5|0x0000000081500000, 0x0000000081600000, 0x0000000081600000|100%| O|  |TAMS 0x0000000081600000, 0x0000000081500000| Untracked 
|   6|0x0000000081600000, 0x0000000081700000, 0x0000000081700000|100%| O|  |TAMS 0x0000000081700000, 0x0000000081600000| Untracked 
|   7|0x0000000081700000, 0x0000000081800000, 0x0000000081800000|100%| O|  |TAMS 0x0000000081800000, 0x0000000081700000| Untracked 
|   8|0x0000000081800000, 0x0000000081900000, 0x0000000081900000|100%| O|  |TAMS 0x0000000081900000, 0x0000000081800000| Untracked 
|   9|0x0000000081900000, 0x0000000081a00000, 0x0000000081a00000|100%| O|  |TAMS 0x0000000081a00000, 0x0000000081900000| Untracked 
|  10|0x0000000081a00000, 0x0000000081b00000, 0x0000000081b00000|100%| O|  |TAMS 0x0000000081b00000, 0x0000000081a00000| Untracked 
|  11|0x0000000081b00000, 0x0000000081c00000, 0x0000000081c00000|100%| O|  |TAMS 0x0000000081c00000, 0x0000000081b00000| Untracked 
|  12|0x0000000081c00000, 0x0000000081d00000, 0x0000000081d00000|100%| O|  |TAMS 0x0000000081d00000, 0x0000000081c00000| Untracked 
|  13|0x0000000081d00000, 0x0000000081e00000, 0x0000000081e00000|100%| O|  |TAMS 0x0000000081d00000, 0x0000000081d00000| Untracked 
|  14|0x0000000081e00000, 0x0000000081f00000, 0x0000000081f00000|100%| O|  |TAMS 0x0000000081f00000, 0x0000000081e00000| Untracked 
|  15|0x0000000081f00000, 0x0000000082000000, 0x0000000082000000|100%| O|  |TAMS 0x0000000082000000, 0x0000000081f00000| Untracked 
|  16|0x0000000082000000, 0x0000000082100000, 0x0000000082100000|100%| O|  |TAMS 0x0000000082100000, 0x0000000082000000| Untracked 
|  17|0x0000000082100000, 0x0000000082200000, 0x0000000082200000|100%| O|  |TAMS 0x0000000082200000, 0x0000000082100000| Untracked 
|  18|0x0000000082200000, 0x0000000082300000, 0x0000000082300000|100%| O|  |TAMS 0x0000000082300000, 0x0000000082200000| Untracked 
|  19|0x0000000082300000, 0x0000000082400000, 0x0000000082400000|100%| O|  |TAMS 0x0000000082400000, 0x0000000082300000| Untracked 
|  20|0x0000000082400000, 0x0000000082500000, 0x0000000082500000|100%| O|  |TAMS 0x0000000082500000, 0x0000000082400000| Untracked 
|  21|0x0000000082500000, 0x0000000082600000, 0x0000000082600000|100%| O|  |TAMS 0x0000000082600000, 0x0000000082500000| Untracked 
|  22|0x0000000082600000, 0x0000000082700000, 0x0000000082700000|100%| O|  |TAMS 0x0000000082700000, 0x0000000082600000| Untracked 
|  23|0x0000000082700000, 0x0000000082800000, 0x0000000082800000|100%| O|  |TAMS 0x0000000082800000, 0x0000000082700000| Untracked 
|  24|0x0000000082800000, 0x0000000082900000, 0x0000000082900000|100%| O|  |TAMS 0x0000000082900000, 0x0000000082800000| Untracked 
|  25|0x0000000082900000, 0x0000000082a00000, 0x0000000082a00000|100%| O|  |TAMS 0x0000000082900000, 0x0000000082900000| Untracked 
|  26|0x0000000082a00000, 0x0000000082b00000, 0x0000000082b00000|100%| O|  |TAMS 0x0000000082a00000, 0x0000000082a00000| Untracked 
|  27|0x0000000082b00000, 0x0000000082c00000, 0x0000000082c00000|100%| O|  |TAMS 0x0000000082b00000, 0x0000000082b00000| Untracked 
|  28|0x0000000082c00000, 0x0000000082d00000, 0x0000000082d00000|100%| O|  |TAMS 0x0000000082c00000, 0x0000000082c00000| Untracked 
|  29|0x0000000082d00000, 0x0000000082e00000, 0x0000000082e00000|100%| O|  |TAMS 0x0000000082d00000, 0x0000000082d00000| Untracked 
|  30|0x0000000082e00000, 0x0000000082f00000, 0x0000000082f00000|100%| O|  |TAMS 0x0000000082f00000, 0x0000000082e00000| Untracked 
|  31|0x0000000082f00000, 0x0000000083000000, 0x0000000083000000|100%| O|  |TAMS 0x0000000083000000, 0x0000000082f00000| Untracked 
|  32|0x0000000083000000, 0x0000000083100000, 0x0000000083100000|100%| O|  |TAMS 0x0000000083100000, 0x0000000083000000| Untracked 
|  33|0x0000000083100000, 0x0000000083200000, 0x0000000083200000|100%| O|  |TAMS 0x0000000083200000, 0x0000000083100000| Untracked 
|  34|0x0000000083200000, 0x0000000083300000, 0x0000000083300000|100%| O|  |TAMS 0x0000000083300000, 0x0000000083200000| Untracked 
|  35|0x0000000083300000, 0x0000000083400000, 0x0000000083400000|100%| O|  |TAMS 0x0000000083400000, 0x0000000083300000| Untracked 
|  36|0x0000000083400000, 0x0000000083500000, 0x0000000083500000|100%| O|  |TAMS 0x0000000083500000, 0x0000000083400000| Untracked 
|  37|0x0000000083500000, 0x0000000083600000, 0x0000000083600000|100%| O|  |TAMS 0x0000000083500000, 0x0000000083500000| Untracked 
|  38|0x0000000083600000, 0x0000000083700000, 0x0000000083700000|100%| O|  |TAMS 0x0000000083600000, 0x0000000083600000| Untracked 
|  39|0x0000000083700000, 0x00000000837f8200, 0x0000000083800000| 96%| O|  |TAMS 0x0000000083700000, 0x0000000083700000| Untracked 
|  40|0x0000000083800000, 0x0000000083800000, 0x0000000083900000|  0%| F|  |TAMS 0x0000000083800000, 0x0000000083800000| Untracked 
|  41|0x0000000083900000, 0x0000000083a00000, 0x0000000083a00000|100%| O|  |TAMS 0x0000000083900000, 0x0000000083900000| Untracked 
|  42|0x0000000083a00000, 0x0000000083a00000, 0x0000000083b00000|  0%| F|  |TAMS 0x0000000083a00000, 0x0000000083a00000| Untracked 
|  43|0x0000000083b00000, 0x0000000083b00000, 0x0000000083c00000|  0%| F|  |TAMS 0x0000000083b00000, 0x0000000083b00000| Untracked 
|  44|0x0000000083c00000, 0x0000000083d00000, 0x0000000083d00000|100%| O|  |TAMS 0x0000000083d00000, 0x0000000083c00000| Untracked 
|  45|0x0000000083d00000, 0x0000000083d00000, 0x0000000083e00000|  0%| F|  |TAMS 0x0000000083d00000, 0x0000000083d00000| Untracked 
|  46|0x0000000083e00000, 0x0000000083e00000, 0x0000000083f00000|  0%| F|  |TAMS 0x0000000083e00000, 0x0000000083e00000| Untracked 
|  47|0x0000000083f00000, 0x0000000083f00000, 0x0000000084000000|  0%| F|  |TAMS 0x0000000083f00000, 0x0000000083f00000| Untracked 
|  48|0x0000000084000000, 0x0000000084000000, 0x0000000084100000|  0%| F|  |TAMS 0x0000000084000000, 0x0000000084000000| Untracked 
|  49|0x0000000084100000, 0x0000000084100000, 0x0000000084200000|  0%| F|  |TAMS 0x0000000084100000, 0x0000000084100000| Untracked 
|  50|0x0000000084200000, 0x0000000084200000, 0x0000000084300000|  0%| F|  |TAMS 0x0000000084200000, 0x0000000084200000| Untracked 
|  51|0x0000000084300000, 0x0000000084300000, 0x0000000084400000|  0%| F|  |TAMS 0x0000000084300000, 0x0000000084300000| Untracked 
|  52|0x0000000084400000, 0x0000000084400000, 0x0000000084500000|  0%| F|  |TAMS 0x0000000084400000, 0x0000000084400000| Untracked 
|  53|0x0000000084500000, 0x0000000084600000, 0x0000000084600000|100%| O|  |TAMS 0x0000000084600000, 0x0000000084500000| Untracked 
|  54|0x0000000084600000, 0x0000000084600000, 0x0000000084700000|  0%| F|  |TAMS 0x0000000084600000, 0x0000000084600000| Untracked 
|  55|0x0000000084700000, 0x0000000084700000, 0x0000000084800000|  0%| F|  |TAMS 0x0000000084700000, 0x0000000084700000| Untracked 
|  56|0x0000000084800000, 0x0000000084900000, 0x0000000084900000|100%| O|  |TAMS 0x0000000084900000, 0x0000000084800000| Untracked 
|  57|0x0000000084900000, 0x0000000084a00000, 0x0000000084a00000|100%| O|  |TAMS 0x0000000084a00000, 0x0000000084900000| Untracked 
|  58|0x0000000084a00000, 0x0000000084b00000, 0x0000000084b00000|100%| O|  |TAMS 0x0000000084b00000, 0x0000000084a00000| Untracked 
|  59|0x0000000084b00000, 0x0000000084c00000, 0x0000000084c00000|100%| O|  |TAMS 0x0000000084c00000, 0x0000000084b00000| Untracked 
|  60|0x0000000084c00000, 0x0000000084d00000, 0x0000000084d00000|100%| O|  |TAMS 0x0000000084d00000, 0x0000000084c00000| Untracked 
|  61|0x0000000084d00000, 0x0000000084e00000, 0x0000000084e00000|100%| O|  |TAMS 0x0000000084e00000, 0x0000000084d00000| Untracked 
|  62|0x0000000084e00000, 0x0000000084f00000, 0x0000000084f00000|100%| O|  |TAMS 0x0000000084f00000, 0x0000000084e00000| Untracked 
|  63|0x0000000084f00000, 0x0000000085000000, 0x0000000085000000|100%| O|  |TAMS 0x0000000085000000, 0x0000000084f00000| Untracked 
|  64|0x0000000085000000, 0x0000000085100000, 0x0000000085100000|100%| O|  |TAMS 0x00000000850bfc00, 0x0000000085000000| Untracked 
|  65|0x0000000085100000, 0x0000000085200000, 0x0000000085200000|100%| O|  |TAMS 0x0000000085100000, 0x0000000085100000| Untracked 
|  66|0x0000000085200000, 0x0000000085300000, 0x0000000085300000|100%| O|  |TAMS 0x0000000085200000, 0x0000000085200000| Untracked 
|  67|0x0000000085300000, 0x0000000085400000, 0x0000000085400000|100%| O|  |TAMS 0x0000000085300000, 0x0000000085300000| Untracked 
|  68|0x0000000085400000, 0x0000000085500000, 0x0000000085500000|100%| O|  |TAMS 0x0000000085400000, 0x0000000085400000| Untracked 
|  69|0x0000000085500000, 0x0000000085600000, 0x0000000085600000|100%| O|  |TAMS 0x0000000085500000, 0x0000000085500000| Untracked 
|  70|0x0000000085600000, 0x0000000085700000, 0x0000000085700000|100%| O|  |TAMS 0x0000000085600000, 0x0000000085600000| Untracked 
|  71|0x0000000085700000, 0x0000000085800000, 0x0000000085800000|100%| O|  |TAMS 0x0000000085700000, 0x0000000085700000| Untracked 
|  72|0x0000000085800000, 0x0000000085900000, 0x0000000085900000|100%| O|  |TAMS 0x0000000085800000, 0x0000000085800000| Untracked 
|  73|0x0000000085900000, 0x0000000085a00000, 0x0000000085a00000|100%| O|  |TAMS 0x0000000085900000, 0x0000000085900000| Untracked 
|  74|0x0000000085a00000, 0x0000000085b00000, 0x0000000085b00000|100%| O|  |TAMS 0x0000000085a00000, 0x0000000085a00000| Untracked 
|  75|0x0000000085b00000, 0x0000000085c00000, 0x0000000085c00000|100%| O|  |TAMS 0x0000000085b00000, 0x0000000085b00000| Untracked 
|  76|0x0000000085c00000, 0x0000000085d00000, 0x0000000085d00000|100%| O|  |TAMS 0x0000000085c00000, 0x0000000085c00000| Untracked 
|  77|0x0000000085d00000, 0x0000000085e00000, 0x0000000085e00000|100%| O|  |TAMS 0x0000000085d00000, 0x0000000085d00000| Untracked 
|  78|0x0000000085e00000, 0x0000000085f00000, 0x0000000085f00000|100%| O|  |TAMS 0x0000000085e00000, 0x0000000085e00000| Untracked 
|  79|0x0000000085f00000, 0x0000000085f00000, 0x0000000086000000|  0%| F|  |TAMS 0x0000000085f00000, 0x0000000085f00000| Untracked 
|  80|0x0000000086000000, 0x0000000086000000, 0x0000000086100000|  0%| F|  |TAMS 0x0000000086000000, 0x0000000086000000| Untracked 
|  81|0x0000000086100000, 0x0000000086100000, 0x0000000086200000|  0%| F|  |TAMS 0x0000000086100000, 0x0000000086100000| Untracked 
|  82|0x0000000086200000, 0x0000000086200000, 0x0000000086300000|  0%| F|  |TAMS 0x0000000086200000, 0x0000000086200000| Untracked 
|  83|0x0000000086300000, 0x0000000086300000, 0x0000000086400000|  0%| F|  |TAMS 0x0000000086300000, 0x0000000086300000| Untracked 
|  84|0x0000000086400000, 0x0000000086400000, 0x0000000086500000|  0%| F|  |TAMS 0x0000000086400000, 0x0000000086400000| Untracked 
|  85|0x0000000086500000, 0x0000000086500000, 0x0000000086600000|  0%| F|  |TAMS 0x0000000086500000, 0x0000000086500000| Untracked 
|  86|0x0000000086600000, 0x0000000086600000, 0x0000000086700000|  0%| F|  |TAMS 0x0000000086600000, 0x0000000086600000| Untracked 
|  87|0x0000000086700000, 0x0000000086700000, 0x0000000086800000|  0%| F|  |TAMS 0x0000000086700000, 0x0000000086700000| Untracked 
|  88|0x0000000086800000, 0x0000000086800000, 0x0000000086900000|  0%| F|  |TAMS 0x0000000086800000, 0x0000000086800000| Untracked 
|  89|0x0000000086900000, 0x0000000086900000, 0x0000000086a00000|  0%| F|  |TAMS 0x0000000086900000, 0x0000000086900000| Untracked 
|  90|0x0000000086a00000, 0x0000000086a00000, 0x0000000086b00000|  0%| F|  |TAMS 0x0000000086a00000, 0x0000000086a00000| Untracked 
|  91|0x0000000086b00000, 0x0000000086b00000, 0x0000000086c00000|  0%| F|  |TAMS 0x0000000086b00000, 0x0000000086b00000| Untracked 
|  92|0x0000000086c00000, 0x0000000086c00000, 0x0000000086d00000|  0%| F|  |TAMS 0x0000000086c00000, 0x0000000086c00000| Untracked 
|  93|0x0000000086d00000, 0x0000000086d00000, 0x0000000086e00000|  0%| F|  |TAMS 0x0000000086d00000, 0x0000000086d00000| Untracked 
|  94|0x0000000086e00000, 0x0000000086e00000, 0x0000000086f00000|  0%| F|  |TAMS 0x0000000086e00000, 0x0000000086e00000| Untracked 
|  95|0x0000000086f00000, 0x0000000086f00000, 0x0000000087000000|  0%| F|  |TAMS 0x0000000086f00000, 0x0000000086f00000| Untracked 
|  96|0x0000000087000000, 0x0000000087000000, 0x0000000087100000|  0%| F|  |TAMS 0x0000000087000000, 0x0000000087000000| Untracked 
|  97|0x0000000087100000, 0x0000000087100000, 0x0000000087200000|  0%| F|  |TAMS 0x0000000087100000, 0x0000000087100000| Untracked 
|  98|0x0000000087200000, 0x0000000087200000, 0x0000000087300000|  0%| F|  |TAMS 0x0000000087200000, 0x0000000087200000| Untracked 
|  99|0x0000000087300000, 0x0000000087300000, 0x0000000087400000|  0%| F|  |TAMS 0x0000000087300000, 0x0000000087300000| Untracked 
| 100|0x0000000087400000, 0x0000000087400000, 0x0000000087500000|  0%| F|  |TAMS 0x0000000087400000, 0x0000000087400000| Untracked 
| 101|0x0000000087500000, 0x0000000087500000, 0x0000000087600000|  0%| F|  |TAMS 0x0000000087500000, 0x0000000087500000| Untracked 
| 102|0x0000000087600000, 0x0000000087600000, 0x0000000087700000|  0%| F|  |TAMS 0x0000000087600000, 0x0000000087600000| Untracked 
| 103|0x0000000087700000, 0x0000000087700000, 0x0000000087800000|  0%| F|  |TAMS 0x0000000087700000, 0x0000000087700000| Untracked 
| 104|0x0000000087800000, 0x0000000087800000, 0x0000000087900000|  0%| F|  |TAMS 0x0000000087800000, 0x0000000087800000| Untracked 
| 105|0x0000000087900000, 0x0000000087900000, 0x0000000087a00000|  0%| F|  |TAMS 0x0000000087900000, 0x0000000087900000| Untracked 
| 106|0x0000000087a00000, 0x0000000087a00000, 0x0000000087b00000|  0%| F|  |TAMS 0x0000000087a00000, 0x0000000087a00000| Untracked 
| 107|0x0000000087b00000, 0x0000000087b00000, 0x0000000087c00000|  0%| F|  |TAMS 0x0000000087b00000, 0x0000000087b00000| Untracked 
| 108|0x0000000087c00000, 0x0000000087c00000, 0x0000000087d00000|  0%| F|  |TAMS 0x0000000087c00000, 0x0000000087c00000| Untracked 
| 109|0x0000000087d00000, 0x0000000087d00000, 0x0000000087e00000|  0%| F|  |TAMS 0x0000000087d00000, 0x0000000087d00000| Untracked 
| 110|0x0000000087e00000, 0x0000000087e00000, 0x0000000087f00000|  0%| F|  |TAMS 0x0000000087e00000, 0x0000000087e00000| Untracked 
| 111|0x0000000087f00000, 0x0000000087f00000, 0x0000000088000000|  0%| F|  |TAMS 0x0000000087f00000, 0x0000000087f00000| Untracked 
| 112|0x0000000088000000, 0x0000000088000000, 0x0000000088100000|  0%| F|  |TAMS 0x0000000088000000, 0x0000000088000000| Untracked 
| 113|0x0000000088100000, 0x0000000088100000, 0x0000000088200000|  0%| F|  |TAMS 0x0000000088100000, 0x0000000088100000| Untracked 
| 114|0x0000000088200000, 0x0000000088200000, 0x0000000088300000|  0%| F|  |TAMS 0x0000000088200000, 0x0000000088200000| Untracked 
| 115|0x0000000088300000, 0x0000000088300000, 0x0000000088400000|  0%| F|  |TAMS 0x0000000088300000, 0x0000000088300000| Untracked 
| 116|0x0000000088400000, 0x0000000088400000, 0x0000000088500000|  0%| F|  |TAMS 0x0000000088400000, 0x0000000088400000| Untracked 
| 117|0x0000000088500000, 0x0000000088500000, 0x0000000088600000|  0%| F|  |TAMS 0x0000000088500000, 0x0000000088500000| Untracked 
| 118|0x0000000088600000, 0x0000000088600000, 0x0000000088700000|  0%| F|  |TAMS 0x0000000088600000, 0x0000000088600000| Untracked 
| 119|0x0000000088700000, 0x0000000088700000, 0x0000000088800000|  0%| F|  |TAMS 0x0000000088700000, 0x0000000088700000| Untracked 
| 120|0x0000000088800000, 0x0000000088800000, 0x0000000088900000|  0%| F|  |TAMS 0x0000000088800000, 0x0000000088800000| Untracked 
| 121|0x0000000088900000, 0x0000000088900000, 0x0000000088a00000|  0%| F|  |TAMS 0x0000000088900000, 0x0000000088900000| Untracked 
| 122|0x0000000088a00000, 0x0000000088a00000, 0x0000000088b00000|  0%| F|  |TAMS 0x0000000088a00000, 0x0000000088a00000| Untracked 
| 123|0x0000000088b00000, 0x0000000088b00000, 0x0000000088c00000|  0%| F|  |TAMS 0x0000000088b00000, 0x0000000088b00000| Untracked 
| 124|0x0000000088c00000, 0x0000000088c00000, 0x0000000088d00000|  0%| F|  |TAMS 0x0000000088c00000, 0x0000000088c00000| Untracked 
| 125|0x0000000088d00000, 0x0000000088d00000, 0x0000000088e00000|  0%| F|  |TAMS 0x0000000088d00000, 0x0000000088d00000| Untracked 
| 126|0x0000000088e00000, 0x0000000088e00000, 0x0000000088f00000|  0%| F|  |TAMS 0x0000000088e00000, 0x0000000088e00000| Untracked 
| 127|0x0000000088f00000, 0x0000000088f00000, 0x0000000089000000|  0%| F|  |TAMS 0x0000000088f00000, 0x0000000088f00000| Untracked 
| 128|0x0000000089000000, 0x0000000089000000, 0x0000000089100000|  0%| F|  |TAMS 0x0000000089000000, 0x0000000089000000| Untracked 
| 129|0x0000000089100000, 0x0000000089100000, 0x0000000089200000|  0%| F|  |TAMS 0x0000000089100000, 0x0000000089100000| Untracked 
| 130|0x0000000089200000, 0x0000000089200000, 0x0000000089300000|  0%| F|  |TAMS 0x0000000089200000, 0x0000000089200000| Untracked 
| 131|0x0000000089300000, 0x0000000089300000, 0x0000000089400000|  0%| F|  |TAMS 0x0000000089300000, 0x0000000089300000| Untracked 
| 132|0x0000000089400000, 0x0000000089400000, 0x0000000089500000|  0%| F|  |TAMS 0x0000000089400000, 0x0000000089400000| Untracked 
| 133|0x0000000089500000, 0x0000000089500000, 0x0000000089600000|  0%| F|  |TAMS 0x0000000089500000, 0x0000000089500000| Untracked 
| 134|0x0000000089600000, 0x0000000089600000, 0x0000000089700000|  0%| F|  |TAMS 0x0000000089600000, 0x0000000089600000| Untracked 
| 135|0x0000000089700000, 0x0000000089751150, 0x0000000089800000| 31%| S|CS|TAMS 0x0000000089700000, 0x0000000089700000| Complete 
| 136|0x0000000089800000, 0x0000000089900000, 0x0000000089900000|100%| S|CS|TAMS 0x0000000089800000, 0x0000000089800000| Complete 
| 137|0x0000000089900000, 0x0000000089a00000, 0x0000000089a00000|100%| S|CS|TAMS 0x0000000089900000, 0x0000000089900000| Complete 
| 138|0x0000000089a00000, 0x0000000089b00000, 0x0000000089b00000|100%| S|CS|TAMS 0x0000000089a00000, 0x0000000089a00000| Complete 
| 139|0x0000000089b00000, 0x0000000089c00000, 0x0000000089c00000|100%| S|CS|TAMS 0x0000000089b00000, 0x0000000089b00000| Complete 
| 140|0x0000000089c00000, 0x0000000089d00000, 0x0000000089d00000|100%| S|CS|TAMS 0x0000000089c00000, 0x0000000089c00000| Complete 
| 141|0x0000000089d00000, 0x0000000089e00000, 0x0000000089e00000|100%| S|CS|TAMS 0x0000000089d00000, 0x0000000089d00000| Complete 
| 142|0x0000000089e00000, 0x0000000089f00000, 0x0000000089f00000|100%| S|CS|TAMS 0x0000000089e00000, 0x0000000089e00000| Complete 
| 143|0x0000000089f00000, 0x000000008a000000, 0x000000008a000000|100%| S|CS|TAMS 0x0000000089f00000, 0x0000000089f00000| Complete 
| 144|0x000000008a000000, 0x000000008a100000, 0x000000008a100000|100%| S|CS|TAMS 0x000000008a000000, 0x000000008a000000| Complete 
| 145|0x000000008a100000, 0x000000008a200000, 0x000000008a200000|100%| S|CS|TAMS 0x000000008a100000, 0x000000008a100000| Complete 
| 146|0x000000008a200000, 0x000000008a300000, 0x000000008a300000|100%| S|CS|TAMS 0x000000008a200000, 0x000000008a200000| Complete 
| 147|0x000000008a300000, 0x000000008a400000, 0x000000008a400000|100%| S|CS|TAMS 0x000000008a300000, 0x000000008a300000| Complete 
| 148|0x000000008a400000, 0x000000008a500000, 0x000000008a500000|100%| S|CS|TAMS 0x000000008a400000, 0x000000008a400000| Complete 
| 149|0x000000008a500000, 0x000000008a600000, 0x000000008a600000|100%| S|CS|TAMS 0x000000008a500000, 0x000000008a500000| Complete 
| 150|0x000000008a600000, 0x000000008a600000, 0x000000008a700000|  0%| F|  |TAMS 0x000000008a600000, 0x000000008a600000| Untracked 
| 151|0x000000008a700000, 0x000000008a700000, 0x000000008a800000|  0%| F|  |TAMS 0x000000008a700000, 0x000000008a700000| Untracked 
| 152|0x000000008a800000, 0x000000008a800000, 0x000000008a900000|  0%| F|  |TAMS 0x000000008a800000, 0x000000008a800000| Untracked 
| 153|0x000000008a900000, 0x000000008a900000, 0x000000008aa00000|  0%| F|  |TAMS 0x000000008a900000, 0x000000008a900000| Untracked 
| 154|0x000000008aa00000, 0x000000008aa00000, 0x000000008ab00000|  0%| F|  |TAMS 0x000000008aa00000, 0x000000008aa00000| Untracked 
| 155|0x000000008ab00000, 0x000000008ab00000, 0x000000008ac00000|  0%| F|  |TAMS 0x000000008ab00000, 0x000000008ab00000| Untracked 
| 156|0x000000008ac00000, 0x000000008ac00000, 0x000000008ad00000|  0%| F|  |TAMS 0x000000008ac00000, 0x000000008ac00000| Untracked 
| 157|0x000000008ad00000, 0x000000008ad00000, 0x000000008ae00000|  0%| F|  |TAMS 0x000000008ad00000, 0x000000008ad00000| Untracked 
| 158|0x000000008ae00000, 0x000000008ae00000, 0x000000008af00000|  0%| F|  |TAMS 0x000000008ae00000, 0x000000008ae00000| Untracked 
| 159|0x000000008af00000, 0x000000008af00000, 0x000000008b000000|  0%| F|  |TAMS 0x000000008af00000, 0x000000008af00000| Untracked 
| 160|0x000000008b000000, 0x000000008b000000, 0x000000008b100000|  0%| F|  |TAMS 0x000000008b000000, 0x000000008b000000| Untracked 
| 161|0x000000008b100000, 0x000000008b100000, 0x000000008b200000|  0%| F|  |TAMS 0x000000008b100000, 0x000000008b100000| Untracked 
| 162|0x000000008b200000, 0x000000008b200000, 0x000000008b300000|  0%| F|  |TAMS 0x000000008b200000, 0x000000008b200000| Untracked 
| 163|0x000000008b300000, 0x000000008b300000, 0x000000008b400000|  0%| F|  |TAMS 0x000000008b300000, 0x000000008b300000| Untracked 
| 164|0x000000008b400000, 0x000000008b400000, 0x000000008b500000|  0%| F|  |TAMS 0x000000008b400000, 0x000000008b400000| Untracked 
| 165|0x000000008b500000, 0x000000008b500000, 0x000000008b600000|  0%| F|  |TAMS 0x000000008b500000, 0x000000008b500000| Untracked 
| 166|0x000000008b600000, 0x000000008b600000, 0x000000008b700000|  0%| F|  |TAMS 0x000000008b600000, 0x000000008b600000| Untracked 
| 167|0x000000008b700000, 0x000000008b700000, 0x000000008b800000|  0%| F|  |TAMS 0x000000008b700000, 0x000000008b700000| Untracked 
| 168|0x000000008b800000, 0x000000008b800000, 0x000000008b900000|  0%| F|  |TAMS 0x000000008b800000, 0x000000008b800000| Untracked 
| 169|0x000000008b900000, 0x000000008b900000, 0x000000008ba00000|  0%| F|  |TAMS 0x000000008b900000, 0x000000008b900000| Untracked 
| 170|0x000000008ba00000, 0x000000008ba00000, 0x000000008bb00000|  0%| F|  |TAMS 0x000000008ba00000, 0x000000008ba00000| Untracked 
| 171|0x000000008bb00000, 0x000000008bb00000, 0x000000008bc00000|  0%| F|  |TAMS 0x000000008bb00000, 0x000000008bb00000| Untracked 
| 172|0x000000008bc00000, 0x000000008bc00000, 0x000000008bd00000|  0%| F|  |TAMS 0x000000008bc00000, 0x000000008bc00000| Untracked 
| 173|0x000000008bd00000, 0x000000008bd00000, 0x000000008be00000|  0%| F|  |TAMS 0x000000008bd00000, 0x000000008bd00000| Untracked 
| 174|0x000000008be00000, 0x000000008be00000, 0x000000008bf00000|  0%| F|  |TAMS 0x000000008be00000, 0x000000008be00000| Untracked 
| 175|0x000000008bf00000, 0x000000008bf00000, 0x000000008c000000|  0%| F|  |TAMS 0x000000008bf00000, 0x000000008bf00000| Untracked 
| 176|0x000000008c000000, 0x000000008c000000, 0x000000008c100000|  0%| F|  |TAMS 0x000000008c000000, 0x000000008c000000| Untracked 
| 177|0x000000008c100000, 0x000000008c100000, 0x000000008c200000|  0%| F|  |TAMS 0x000000008c100000, 0x000000008c100000| Untracked 
| 178|0x000000008c200000, 0x000000008c200000, 0x000000008c300000|  0%| F|  |TAMS 0x000000008c200000, 0x000000008c200000| Untracked 
| 179|0x000000008c300000, 0x000000008c300000, 0x000000008c400000|  0%| F|  |TAMS 0x000000008c300000, 0x000000008c300000| Untracked 
| 180|0x000000008c400000, 0x000000008c400000, 0x000000008c500000|  0%| F|  |TAMS 0x000000008c400000, 0x000000008c400000| Untracked 
| 181|0x000000008c500000, 0x000000008c500000, 0x000000008c600000|  0%| F|  |TAMS 0x000000008c500000, 0x000000008c500000| Untracked 
| 182|0x000000008c600000, 0x000000008c600000, 0x000000008c700000|  0%| F|  |TAMS 0x000000008c600000, 0x000000008c600000| Untracked 
| 183|0x000000008c700000, 0x000000008c700000, 0x000000008c800000|  0%| F|  |TAMS 0x000000008c700000, 0x000000008c700000| Untracked 
| 184|0x000000008c800000, 0x000000008c800000, 0x000000008c900000|  0%| F|  |TAMS 0x000000008c800000, 0x000000008c800000| Untracked 
| 185|0x000000008c900000, 0x000000008c900000, 0x000000008ca00000|  0%| F|  |TAMS 0x000000008c900000, 0x000000008c900000| Untracked 
| 186|0x000000008ca00000, 0x000000008ca00000, 0x000000008cb00000|  0%| F|  |TAMS 0x000000008ca00000, 0x000000008ca00000| Untracked 
| 187|0x000000008cb00000, 0x000000008cb00000, 0x000000008cc00000|  0%| F|  |TAMS 0x000000008cb00000, 0x000000008cb00000| Untracked 
| 188|0x000000008cc00000, 0x000000008cc00000, 0x000000008cd00000|  0%| F|  |TAMS 0x000000008cc00000, 0x000000008cc00000| Untracked 
| 189|0x000000008cd00000, 0x000000008cd00000, 0x000000008ce00000|  0%| F|  |TAMS 0x000000008cd00000, 0x000000008cd00000| Untracked 
| 190|0x000000008ce00000, 0x000000008ce00000, 0x000000008cf00000|  0%| F|  |TAMS 0x000000008ce00000, 0x000000008ce00000| Untracked 
| 191|0x000000008cf00000, 0x000000008cf00000, 0x000000008d000000|  0%| F|  |TAMS 0x000000008cf00000, 0x000000008cf00000| Untracked 
| 192|0x000000008d000000, 0x000000008d000000, 0x000000008d100000|  0%| F|  |TAMS 0x000000008d000000, 0x000000008d000000| Untracked 
| 193|0x000000008d100000, 0x000000008d100000, 0x000000008d200000|  0%| F|  |TAMS 0x000000008d100000, 0x000000008d100000| Untracked 
| 194|0x000000008d200000, 0x000000008d200000, 0x000000008d300000|  0%| F|  |TAMS 0x000000008d200000, 0x000000008d200000| Untracked 
| 195|0x000000008d300000, 0x000000008d300000, 0x000000008d400000|  0%| F|  |TAMS 0x000000008d300000, 0x000000008d300000| Untracked 
| 196|0x000000008d400000, 0x000000008d400000, 0x000000008d500000|  0%| F|  |TAMS 0x000000008d400000, 0x000000008d400000| Untracked 
| 197|0x000000008d500000, 0x000000008d500000, 0x000000008d600000|  0%| F|  |TAMS 0x000000008d500000, 0x000000008d500000| Untracked 
| 198|0x000000008d600000, 0x000000008d600000, 0x000000008d700000|  0%| F|  |TAMS 0x000000008d600000, 0x000000008d600000| Untracked 
| 199|0x000000008d700000, 0x000000008d700000, 0x000000008d800000|  0%| F|  |TAMS 0x000000008d700000, 0x000000008d700000| Untracked 
| 200|0x000000008d800000, 0x000000008d800000, 0x000000008d900000|  0%| F|  |TAMS 0x000000008d800000, 0x000000008d800000| Untracked 
| 201|0x000000008d900000, 0x000000008d900000, 0x000000008da00000|  0%| F|  |TAMS 0x000000008d900000, 0x000000008d900000| Untracked 
| 202|0x000000008da00000, 0x000000008da00000, 0x000000008db00000|  0%| F|  |TAMS 0x000000008da00000, 0x000000008da00000| Untracked 
| 203|0x000000008db00000, 0x000000008db00000, 0x000000008dc00000|  0%| F|  |TAMS 0x000000008db00000, 0x000000008db00000| Untracked 
| 204|0x000000008dc00000, 0x000000008dc00000, 0x000000008dd00000|  0%| F|  |TAMS 0x000000008dc00000, 0x000000008dc00000| Untracked 
| 205|0x000000008dd00000, 0x000000008dd00000, 0x000000008de00000|  0%| F|  |TAMS 0x000000008dd00000, 0x000000008dd00000| Untracked 
| 206|0x000000008de00000, 0x000000008de00000, 0x000000008df00000|  0%| F|  |TAMS 0x000000008de00000, 0x000000008de00000| Untracked 
| 207|0x000000008df00000, 0x000000008df00000, 0x000000008e000000|  0%| F|  |TAMS 0x000000008df00000, 0x000000008df00000| Untracked 
| 208|0x000000008e000000, 0x000000008e000000, 0x000000008e100000|  0%| F|  |TAMS 0x000000008e000000, 0x000000008e000000| Untracked 
| 209|0x000000008e100000, 0x000000008e100000, 0x000000008e200000|  0%| F|  |TAMS 0x000000008e100000, 0x000000008e100000| Untracked 
| 210|0x000000008e200000, 0x000000008e200000, 0x000000008e300000|  0%| F|  |TAMS 0x000000008e200000, 0x000000008e200000| Untracked 
| 211|0x000000008e300000, 0x000000008e300000, 0x000000008e400000|  0%| F|  |TAMS 0x000000008e300000, 0x000000008e300000| Untracked 
| 212|0x000000008e400000, 0x000000008e400000, 0x000000008e500000|  0%| F|  |TAMS 0x000000008e400000, 0x000000008e400000| Untracked 
| 213|0x000000008e500000, 0x000000008e500000, 0x000000008e600000|  0%| F|  |TAMS 0x000000008e500000, 0x000000008e500000| Untracked 
| 214|0x000000008e600000, 0x000000008e600000, 0x000000008e700000|  0%| F|  |TAMS 0x000000008e600000, 0x000000008e600000| Untracked 
| 215|0x000000008e700000, 0x000000008e700000, 0x000000008e800000|  0%| F|  |TAMS 0x000000008e700000, 0x000000008e700000| Untracked 
| 216|0x000000008e800000, 0x000000008e800000, 0x000000008e900000|  0%| F|  |TAMS 0x000000008e800000, 0x000000008e800000| Untracked 
| 217|0x000000008e900000, 0x000000008e900000, 0x000000008ea00000|  0%| F|  |TAMS 0x000000008e900000, 0x000000008e900000| Untracked 
| 218|0x000000008ea00000, 0x000000008ea00000, 0x000000008eb00000|  0%| F|  |TAMS 0x000000008ea00000, 0x000000008ea00000| Untracked 
| 219|0x000000008eb00000, 0x000000008eb00000, 0x000000008ec00000|  0%| F|  |TAMS 0x000000008eb00000, 0x000000008eb00000| Untracked 
| 220|0x000000008ec00000, 0x000000008ec00000, 0x000000008ed00000|  0%| F|  |TAMS 0x000000008ec00000, 0x000000008ec00000| Untracked 
| 221|0x000000008ed00000, 0x000000008ed00000, 0x000000008ee00000|  0%| F|  |TAMS 0x000000008ed00000, 0x000000008ed00000| Untracked 
| 222|0x000000008ee00000, 0x000000008ee00000, 0x000000008ef00000|  0%| F|  |TAMS 0x000000008ee00000, 0x000000008ee00000| Untracked 
| 223|0x000000008ef00000, 0x000000008ef00000, 0x000000008f000000|  0%| F|  |TAMS 0x000000008ef00000, 0x000000008ef00000| Untracked 
| 224|0x000000008f000000, 0x000000008f000000, 0x000000008f100000|  0%| F|  |TAMS 0x000000008f000000, 0x000000008f000000| Untracked 
| 225|0x000000008f100000, 0x000000008f100000, 0x000000008f200000|  0%| F|  |TAMS 0x000000008f100000, 0x000000008f100000| Untracked 
| 226|0x000000008f200000, 0x000000008f200000, 0x000000008f300000|  0%| F|  |TAMS 0x000000008f200000, 0x000000008f200000| Untracked 
| 227|0x000000008f300000, 0x000000008f300000, 0x000000008f400000|  0%| F|  |TAMS 0x000000008f300000, 0x000000008f300000| Untracked 
| 228|0x000000008f400000, 0x000000008f400000, 0x000000008f500000|  0%| F|  |TAMS 0x000000008f400000, 0x000000008f400000| Untracked 
| 229|0x000000008f500000, 0x000000008f500000, 0x000000008f600000|  0%| F|  |TAMS 0x000000008f500000, 0x000000008f500000| Untracked 
| 230|0x000000008f600000, 0x000000008f600000, 0x000000008f700000|  0%| F|  |TAMS 0x000000008f600000, 0x000000008f600000| Untracked 
| 231|0x000000008f700000, 0x000000008f700000, 0x000000008f800000|  0%| F|  |TAMS 0x000000008f700000, 0x000000008f700000| Untracked 
| 232|0x000000008f800000, 0x000000008f800000, 0x000000008f900000|  0%| F|  |TAMS 0x000000008f800000, 0x000000008f800000| Untracked 
| 233|0x000000008f900000, 0x000000008f900000, 0x000000008fa00000|  0%| F|  |TAMS 0x000000008f900000, 0x000000008f900000| Untracked 
| 234|0x000000008fa00000, 0x000000008fa00000, 0x000000008fb00000|  0%| F|  |TAMS 0x000000008fa00000, 0x000000008fa00000| Untracked 
| 235|0x000000008fb00000, 0x000000008fb00000, 0x000000008fc00000|  0%| F|  |TAMS 0x000000008fb00000, 0x000000008fb00000| Untracked 
| 236|0x000000008fc00000, 0x000000008fc00000, 0x000000008fd00000|  0%| F|  |TAMS 0x000000008fc00000, 0x000000008fc00000| Untracked 
| 237|0x000000008fd00000, 0x000000008fd00000, 0x000000008fe00000|  0%| F|  |TAMS 0x000000008fd00000, 0x000000008fd00000| Untracked 
| 238|0x000000008fe00000, 0x000000008fe00000, 0x000000008ff00000|  0%| F|  |TAMS 0x000000008fe00000, 0x000000008fe00000| Untracked 
| 239|0x000000008ff00000, 0x000000008ff00000, 0x0000000090000000|  0%| F|  |TAMS 0x000000008ff00000, 0x000000008ff00000| Untracked 
| 240|0x0000000090000000, 0x0000000090000000, 0x0000000090100000|  0%| F|  |TAMS 0x0000000090000000, 0x0000000090000000| Untracked 
| 241|0x0000000090100000, 0x0000000090100000, 0x0000000090200000|  0%| F|  |TAMS 0x0000000090100000, 0x0000000090100000| Untracked 
| 242|0x0000000090200000, 0x0000000090200000, 0x0000000090300000|  0%| F|  |TAMS 0x0000000090200000, 0x0000000090200000| Untracked 
| 243|0x0000000090300000, 0x0000000090300000, 0x0000000090400000|  0%| F|  |TAMS 0x0000000090300000, 0x0000000090300000| Untracked 
| 244|0x0000000090400000, 0x0000000090400000, 0x0000000090500000|  0%| F|  |TAMS 0x0000000090400000, 0x0000000090400000| Untracked 
| 245|0x0000000090500000, 0x0000000090500000, 0x0000000090600000|  0%| F|  |TAMS 0x0000000090500000, 0x0000000090500000| Untracked 
| 246|0x0000000090600000, 0x0000000090600000, 0x0000000090700000|  0%| F|  |TAMS 0x0000000090600000, 0x0000000090600000| Untracked 
| 247|0x0000000090700000, 0x0000000090700000, 0x0000000090800000|  0%| F|  |TAMS 0x0000000090700000, 0x0000000090700000| Untracked 
| 248|0x0000000090800000, 0x0000000090800000, 0x0000000090900000|  0%| F|  |TAMS 0x0000000090800000, 0x0000000090800000| Untracked 
| 249|0x0000000090900000, 0x0000000090900000, 0x0000000090a00000|  0%| F|  |TAMS 0x0000000090900000, 0x0000000090900000| Untracked 
| 250|0x0000000090a00000, 0x0000000090a00000, 0x0000000090b00000|  0%| F|  |TAMS 0x0000000090a00000, 0x0000000090a00000| Untracked 
| 251|0x0000000090b00000, 0x0000000090b00000, 0x0000000090c00000|  0%| F|  |TAMS 0x0000000090b00000, 0x0000000090b00000| Untracked 
| 252|0x0000000090c00000, 0x0000000090c00000, 0x0000000090d00000|  0%| F|  |TAMS 0x0000000090c00000, 0x0000000090c00000| Untracked 
| 253|0x0000000090d00000, 0x0000000090d00000, 0x0000000090e00000|  0%| F|  |TAMS 0x0000000090d00000, 0x0000000090d00000| Untracked 
| 254|0x0000000090e00000, 0x0000000090e00000, 0x0000000090f00000|  0%| F|  |TAMS 0x0000000090e00000, 0x0000000090e00000| Untracked 
| 255|0x0000000090f00000, 0x0000000090f00000, 0x0000000091000000|  0%| F|  |TAMS 0x0000000090f00000, 0x0000000090f00000| Untracked 
| 256|0x0000000091000000, 0x0000000091000000, 0x0000000091100000|  0%| F|  |TAMS 0x0000000091000000, 0x0000000091000000| Untracked 
| 257|0x0000000091100000, 0x0000000091100000, 0x0000000091200000|  0%| F|  |TAMS 0x0000000091100000, 0x0000000091100000| Untracked 
| 258|0x0000000091200000, 0x0000000091200000, 0x0000000091300000|  0%| F|  |TAMS 0x0000000091200000, 0x0000000091200000| Untracked 
| 259|0x0000000091300000, 0x0000000091300000, 0x0000000091400000|  0%| F|  |TAMS 0x0000000091300000, 0x0000000091300000| Untracked 
| 260|0x0000000091400000, 0x0000000091400000, 0x0000000091500000|  0%| F|  |TAMS 0x0000000091400000, 0x0000000091400000| Untracked 
| 261|0x0000000091500000, 0x0000000091500000, 0x0000000091600000|  0%| F|  |TAMS 0x0000000091500000, 0x0000000091500000| Untracked 
| 262|0x0000000091600000, 0x0000000091600000, 0x0000000091700000|  0%| F|  |TAMS 0x0000000091600000, 0x0000000091600000| Untracked 
| 263|0x0000000091700000, 0x0000000091700000, 0x0000000091800000|  0%| F|  |TAMS 0x0000000091700000, 0x0000000091700000| Untracked 
| 264|0x0000000091800000, 0x0000000091800000, 0x0000000091900000|  0%| F|  |TAMS 0x0000000091800000, 0x0000000091800000| Untracked 
| 265|0x0000000091900000, 0x0000000091900000, 0x0000000091a00000|  0%| F|  |TAMS 0x0000000091900000, 0x0000000091900000| Untracked 
| 266|0x0000000091a00000, 0x0000000091a00000, 0x0000000091b00000|  0%| F|  |TAMS 0x0000000091a00000, 0x0000000091a00000| Untracked 
| 267|0x0000000091b00000, 0x0000000091c00000, 0x0000000091c00000|100%| E|  |TAMS 0x0000000091b00000, 0x0000000091b00000| Complete 
| 268|0x0000000091c00000, 0x0000000091d00000, 0x0000000091d00000|100%| E|CS|TAMS 0x0000000091c00000, 0x0000000091c00000| Complete 
| 269|0x0000000091d00000, 0x0000000091e00000, 0x0000000091e00000|100%| E|CS|TAMS 0x0000000091d00000, 0x0000000091d00000| Complete 
| 270|0x0000000091e00000, 0x0000000091f00000, 0x0000000091f00000|100%| E|CS|TAMS 0x0000000091e00000, 0x0000000091e00000| Complete 
| 271|0x0000000091f00000, 0x0000000092000000, 0x0000000092000000|100%| E|CS|TAMS 0x0000000091f00000, 0x0000000091f00000| Complete 
| 272|0x0000000092000000, 0x0000000092100000, 0x0000000092100000|100%| E|CS|TAMS 0x0000000092000000, 0x0000000092000000| Complete 
| 273|0x0000000092100000, 0x0000000092200000, 0x0000000092200000|100%| E|CS|TAMS 0x0000000092100000, 0x0000000092100000| Complete 
| 274|0x0000000092200000, 0x0000000092300000, 0x0000000092300000|100%| E|CS|TAMS 0x0000000092200000, 0x0000000092200000| Complete 
| 275|0x0000000092300000, 0x0000000092400000, 0x0000000092400000|100%| E|CS|TAMS 0x0000000092300000, 0x0000000092300000| Complete 
| 276|0x0000000092400000, 0x0000000092500000, 0x0000000092500000|100%| E|CS|TAMS 0x0000000092400000, 0x0000000092400000| Complete 
| 277|0x0000000092500000, 0x0000000092600000, 0x0000000092600000|100%| E|CS|TAMS 0x0000000092500000, 0x0000000092500000| Complete 
| 278|0x0000000092600000, 0x0000000092700000, 0x0000000092700000|100%| E|CS|TAMS 0x0000000092600000, 0x0000000092600000| Complete 
| 279|0x0000000092700000, 0x0000000092800000, 0x0000000092800000|100%| E|CS|TAMS 0x0000000092700000, 0x0000000092700000| Complete 
| 280|0x0000000092800000, 0x0000000092900000, 0x0000000092900000|100%| E|CS|TAMS 0x0000000092800000, 0x0000000092800000| Complete 
| 281|0x0000000092900000, 0x0000000092a00000, 0x0000000092a00000|100%| E|CS|TAMS 0x0000000092900000, 0x0000000092900000| Complete 
| 282|0x0000000092a00000, 0x0000000092b00000, 0x0000000092b00000|100%| E|CS|TAMS 0x0000000092a00000, 0x0000000092a00000| Complete 
| 283|0x0000000092b00000, 0x0000000092c00000, 0x0000000092c00000|100%| E|CS|TAMS 0x0000000092b00000, 0x0000000092b00000| Complete 
| 284|0x0000000092c00000, 0x0000000092d00000, 0x0000000092d00000|100%| E|CS|TAMS 0x0000000092c00000, 0x0000000092c00000| Complete 
| 285|0x0000000092d00000, 0x0000000092e00000, 0x0000000092e00000|100%| E|CS|TAMS 0x0000000092d00000, 0x0000000092d00000| Complete 
| 286|0x0000000092e00000, 0x0000000092f00000, 0x0000000092f00000|100%| E|CS|TAMS 0x0000000092e00000, 0x0000000092e00000| Complete 
| 287|0x0000000092f00000, 0x0000000093000000, 0x0000000093000000|100%| E|CS|TAMS 0x0000000092f00000, 0x0000000092f00000| Complete 
| 288|0x0000000093000000, 0x0000000093100000, 0x0000000093100000|100%| E|CS|TAMS 0x0000000093000000, 0x0000000093000000| Complete 
| 289|0x0000000093100000, 0x0000000093200000, 0x0000000093200000|100%| E|CS|TAMS 0x0000000093100000, 0x0000000093100000| Complete 
| 290|0x0000000093200000, 0x0000000093300000, 0x0000000093300000|100%| E|CS|TAMS 0x0000000093200000, 0x0000000093200000| Complete 
| 291|0x0000000093300000, 0x0000000093400000, 0x0000000093400000|100%| E|CS|TAMS 0x0000000093300000, 0x0000000093300000| Complete 
| 292|0x0000000093400000, 0x0000000093500000, 0x0000000093500000|100%| E|CS|TAMS 0x0000000093400000, 0x0000000093400000| Complete 
| 293|0x0000000093500000, 0x0000000093600000, 0x0000000093600000|100%| E|CS|TAMS 0x0000000093500000, 0x0000000093500000| Complete 
| 294|0x0000000093600000, 0x0000000093700000, 0x0000000093700000|100%| E|CS|TAMS 0x0000000093600000, 0x0000000093600000| Complete 
| 295|0x0000000093700000, 0x0000000093800000, 0x0000000093800000|100%| E|CS|TAMS 0x0000000093700000, 0x0000000093700000| Complete 
| 296|0x0000000093800000, 0x0000000093900000, 0x0000000093900000|100%| E|CS|TAMS 0x0000000093800000, 0x0000000093800000| Complete 
| 297|0x0000000093900000, 0x0000000093a00000, 0x0000000093a00000|100%| E|CS|TAMS 0x0000000093900000, 0x0000000093900000| Complete 
| 298|0x0000000093a00000, 0x0000000093b00000, 0x0000000093b00000|100%| E|CS|TAMS 0x0000000093a00000, 0x0000000093a00000| Complete 
| 299|0x0000000093b00000, 0x0000000093c00000, 0x0000000093c00000|100%| E|CS|TAMS 0x0000000093b00000, 0x0000000093b00000| Complete 
| 300|0x0000000093c00000, 0x0000000093d00000, 0x0000000093d00000|100%| E|CS|TAMS 0x0000000093c00000, 0x0000000093c00000| Complete 
| 301|0x0000000093d00000, 0x0000000093e00000, 0x0000000093e00000|100%| E|CS|TAMS 0x0000000093d00000, 0x0000000093d00000| Complete 
| 302|0x0000000093e00000, 0x0000000093f00000, 0x0000000093f00000|100%| E|CS|TAMS 0x0000000093e00000, 0x0000000093e00000| Complete 
| 303|0x0000000093f00000, 0x0000000094000000, 0x0000000094000000|100%| E|CS|TAMS 0x0000000093f00000, 0x0000000093f00000| Complete 
| 304|0x0000000094000000, 0x0000000094100000, 0x0000000094100000|100%| E|CS|TAMS 0x0000000094000000, 0x0000000094000000| Complete 
| 305|0x0000000094100000, 0x0000000094200000, 0x0000000094200000|100%| E|CS|TAMS 0x0000000094100000, 0x0000000094100000| Complete 
| 306|0x0000000094200000, 0x0000000094300000, 0x0000000094300000|100%| E|CS|TAMS 0x0000000094200000, 0x0000000094200000| Complete 
| 307|0x0000000094300000, 0x0000000094400000, 0x0000000094400000|100%| E|CS|TAMS 0x0000000094300000, 0x0000000094300000| Complete 
| 308|0x0000000094400000, 0x0000000094500000, 0x0000000094500000|100%| E|CS|TAMS 0x0000000094400000, 0x0000000094400000| Complete 
| 309|0x0000000094500000, 0x0000000094600000, 0x0000000094600000|100%| E|CS|TAMS 0x0000000094500000, 0x0000000094500000| Complete 
| 310|0x0000000094600000, 0x0000000094700000, 0x0000000094700000|100%| E|CS|TAMS 0x0000000094600000, 0x0000000094600000| Complete 
| 311|0x0000000094700000, 0x0000000094800000, 0x0000000094800000|100%| E|CS|TAMS 0x0000000094700000, 0x0000000094700000| Complete 
| 312|0x0000000094800000, 0x0000000094900000, 0x0000000094900000|100%| E|CS|TAMS 0x0000000094800000, 0x0000000094800000| Complete 
| 313|0x0000000094900000, 0x0000000094a00000, 0x0000000094a00000|100%| E|CS|TAMS 0x0000000094900000, 0x0000000094900000| Complete 
| 314|0x0000000094a00000, 0x0000000094b00000, 0x0000000094b00000|100%| E|CS|TAMS 0x0000000094a00000, 0x0000000094a00000| Complete 
| 315|0x0000000094b00000, 0x0000000094c00000, 0x0000000094c00000|100%| E|CS|TAMS 0x0000000094b00000, 0x0000000094b00000| Complete 
| 316|0x0000000094c00000, 0x0000000094d00000, 0x0000000094d00000|100%| E|CS|TAMS 0x0000000094c00000, 0x0000000094c00000| Complete 
| 317|0x0000000094d00000, 0x0000000094e00000, 0x0000000094e00000|100%| E|CS|TAMS 0x0000000094d00000, 0x0000000094d00000| Complete 
| 318|0x0000000094e00000, 0x0000000094f00000, 0x0000000094f00000|100%| E|CS|TAMS 0x0000000094e00000, 0x0000000094e00000| Complete 
| 319|0x0000000094f00000, 0x0000000095000000, 0x0000000095000000|100%| E|CS|TAMS 0x0000000094f00000, 0x0000000094f00000| Complete 
| 320|0x0000000095000000, 0x0000000095100000, 0x0000000095100000|100%| E|CS|TAMS 0x0000000095000000, 0x0000000095000000| Complete 
| 321|0x0000000095100000, 0x0000000095200000, 0x0000000095200000|100%| E|CS|TAMS 0x0000000095100000, 0x0000000095100000| Complete 
| 322|0x0000000095200000, 0x0000000095300000, 0x0000000095300000|100%| E|CS|TAMS 0x0000000095200000, 0x0000000095200000| Complete 
| 323|0x0000000095300000, 0x0000000095400000, 0x0000000095400000|100%| E|CS|TAMS 0x0000000095300000, 0x0000000095300000| Complete 
| 324|0x0000000095400000, 0x0000000095500000, 0x0000000095500000|100%| E|CS|TAMS 0x0000000095400000, 0x0000000095400000| Complete 
| 325|0x0000000095500000, 0x0000000095600000, 0x0000000095600000|100%| E|CS|TAMS 0x0000000095500000, 0x0000000095500000| Complete 
| 326|0x0000000095600000, 0x0000000095700000, 0x0000000095700000|100%| E|CS|TAMS 0x0000000095600000, 0x0000000095600000| Complete 
| 327|0x0000000095700000, 0x0000000095800000, 0x0000000095800000|100%| E|CS|TAMS 0x0000000095700000, 0x0000000095700000| Complete 
| 328|0x0000000095800000, 0x0000000095900000, 0x0000000095900000|100%| E|CS|TAMS 0x0000000095800000, 0x0000000095800000| Complete 
| 329|0x0000000095900000, 0x0000000095a00000, 0x0000000095a00000|100%| E|CS|TAMS 0x0000000095900000, 0x0000000095900000| Complete 
| 330|0x0000000095a00000, 0x0000000095b00000, 0x0000000095b00000|100%| E|CS|TAMS 0x0000000095a00000, 0x0000000095a00000| Complete 
| 331|0x0000000095b00000, 0x0000000095c00000, 0x0000000095c00000|100%| E|CS|TAMS 0x0000000095b00000, 0x0000000095b00000| Complete 
| 332|0x0000000095c00000, 0x0000000095d00000, 0x0000000095d00000|100%| E|CS|TAMS 0x0000000095c00000, 0x0000000095c00000| Complete 
| 333|0x0000000095d00000, 0x0000000095e00000, 0x0000000095e00000|100%| E|CS|TAMS 0x0000000095d00000, 0x0000000095d00000| Complete 
| 334|0x0000000095e00000, 0x0000000095f00000, 0x0000000095f00000|100%| E|CS|TAMS 0x0000000095e00000, 0x0000000095e00000| Complete 
| 335|0x0000000095f00000, 0x0000000096000000, 0x0000000096000000|100%| E|CS|TAMS 0x0000000095f00000, 0x0000000095f00000| Complete 
| 336|0x0000000096000000, 0x0000000096100000, 0x0000000096100000|100%| E|CS|TAMS 0x0000000096000000, 0x0000000096000000| Complete 
| 337|0x0000000096100000, 0x0000000096200000, 0x0000000096200000|100%| E|CS|TAMS 0x0000000096100000, 0x0000000096100000| Complete 
| 338|0x0000000096200000, 0x0000000096300000, 0x0000000096300000|100%| E|CS|TAMS 0x0000000096200000, 0x0000000096200000| Complete 
| 339|0x0000000096300000, 0x0000000096400000, 0x0000000096400000|100%| E|CS|TAMS 0x0000000096300000, 0x0000000096300000| Complete 
| 340|0x0000000096400000, 0x0000000096500000, 0x0000000096500000|100%| E|CS|TAMS 0x0000000096400000, 0x0000000096400000| Complete 
| 341|0x0000000096500000, 0x0000000096600000, 0x0000000096600000|100%| E|CS|TAMS 0x0000000096500000, 0x0000000096500000| Complete 
| 342|0x0000000096600000, 0x0000000096700000, 0x0000000096700000|100%| E|CS|TAMS 0x0000000096600000, 0x0000000096600000| Complete 
| 343|0x0000000096700000, 0x0000000096800000, 0x0000000096800000|100%| E|CS|TAMS 0x0000000096700000, 0x0000000096700000| Complete 
| 344|0x0000000096800000, 0x0000000096900000, 0x0000000096900000|100%| E|CS|TAMS 0x0000000096800000, 0x0000000096800000| Complete 
| 345|0x0000000096900000, 0x0000000096a00000, 0x0000000096a00000|100%| E|CS|TAMS 0x0000000096900000, 0x0000000096900000| Complete 
| 346|0x0000000096a00000, 0x0000000096b00000, 0x0000000096b00000|100%| E|CS|TAMS 0x0000000096a00000, 0x0000000096a00000| Complete 
| 347|0x0000000096b00000, 0x0000000096c00000, 0x0000000096c00000|100%| E|CS|TAMS 0x0000000096b00000, 0x0000000096b00000| Complete 
| 348|0x0000000096c00000, 0x0000000096d00000, 0x0000000096d00000|100%| E|CS|TAMS 0x0000000096c00000, 0x0000000096c00000| Complete 
| 349|0x0000000096d00000, 0x0000000096e00000, 0x0000000096e00000|100%| E|CS|TAMS 0x0000000096d00000, 0x0000000096d00000| Complete 
| 350|0x0000000096e00000, 0x0000000096f00000, 0x0000000096f00000|100%| E|CS|TAMS 0x0000000096e00000, 0x0000000096e00000| Complete 
| 351|0x0000000096f00000, 0x0000000097000000, 0x0000000097000000|100%| E|CS|TAMS 0x0000000096f00000, 0x0000000096f00000| Complete 
| 352|0x0000000097000000, 0x0000000097100000, 0x0000000097100000|100%| E|CS|TAMS 0x0000000097000000, 0x0000000097000000| Complete 
| 353|0x0000000097100000, 0x0000000097200000, 0x0000000097200000|100%| E|CS|TAMS 0x0000000097100000, 0x0000000097100000| Complete 
| 354|0x0000000097200000, 0x0000000097300000, 0x0000000097300000|100%| E|CS|TAMS 0x0000000097200000, 0x0000000097200000| Complete 
| 355|0x0000000097300000, 0x0000000097400000, 0x0000000097400000|100%| E|CS|TAMS 0x0000000097300000, 0x0000000097300000| Complete 
| 356|0x0000000097400000, 0x0000000097500000, 0x0000000097500000|100%| E|CS|TAMS 0x0000000097400000, 0x0000000097400000| Complete 
| 357|0x0000000097500000, 0x0000000097600000, 0x0000000097600000|100%| E|CS|TAMS 0x0000000097500000, 0x0000000097500000| Complete 
| 358|0x0000000097600000, 0x0000000097700000, 0x0000000097700000|100%| E|CS|TAMS 0x0000000097600000, 0x0000000097600000| Complete 
| 359|0x0000000097700000, 0x0000000097800000, 0x0000000097800000|100%| E|CS|TAMS 0x0000000097700000, 0x0000000097700000| Complete 
| 360|0x0000000097800000, 0x0000000097900000, 0x0000000097900000|100%| E|CS|TAMS 0x0000000097800000, 0x0000000097800000| Complete 
| 361|0x0000000097900000, 0x0000000097a00000, 0x0000000097a00000|100%| E|CS|TAMS 0x0000000097900000, 0x0000000097900000| Complete 
| 362|0x0000000097a00000, 0x0000000097b00000, 0x0000000097b00000|100%| E|CS|TAMS 0x0000000097a00000, 0x0000000097a00000| Complete 
| 363|0x0000000097b00000, 0x0000000097c00000, 0x0000000097c00000|100%| E|CS|TAMS 0x0000000097b00000, 0x0000000097b00000| Complete 
| 364|0x0000000097c00000, 0x0000000097d00000, 0x0000000097d00000|100%| E|CS|TAMS 0x0000000097c00000, 0x0000000097c00000| Complete 
| 365|0x0000000097d00000, 0x0000000097e00000, 0x0000000097e00000|100%| E|CS|TAMS 0x0000000097d00000, 0x0000000097d00000| Complete 
| 366|0x0000000097e00000, 0x0000000097f00000, 0x0000000097f00000|100%| E|CS|TAMS 0x0000000097e00000, 0x0000000097e00000| Complete 
| 367|0x0000000097f00000, 0x0000000098000000, 0x0000000098000000|100%| E|CS|TAMS 0x0000000097f00000, 0x0000000097f00000| Complete 
| 368|0x0000000098000000, 0x0000000098100000, 0x0000000098100000|100%| E|CS|TAMS 0x0000000098000000, 0x0000000098000000| Complete 
| 369|0x0000000098100000, 0x0000000098200000, 0x0000000098200000|100%| E|CS|TAMS 0x0000000098100000, 0x0000000098100000| Complete 
| 370|0x0000000098200000, 0x0000000098300000, 0x0000000098300000|100%| E|CS|TAMS 0x0000000098200000, 0x0000000098200000| Complete 
| 371|0x0000000098300000, 0x0000000098400000, 0x0000000098400000|100%| E|CS|TAMS 0x0000000098300000, 0x0000000098300000| Complete 
| 372|0x0000000098400000, 0x0000000098500000, 0x0000000098500000|100%| E|CS|TAMS 0x0000000098400000, 0x0000000098400000| Complete 
| 373|0x0000000098500000, 0x0000000098600000, 0x0000000098600000|100%| E|CS|TAMS 0x0000000098500000, 0x0000000098500000| Complete 

Card table byte_map: [0x0000027237730000,0x0000027237b30000] _byte_map_base: 0x0000027237328000

Marking Bits (Prev, Next): (CMBitMap*) 0x00000272209bc6c0, (CMBitMap*) 0x00000272209bc700
 Prev Bits: [0x0000027237f30000, 0x0000027239ef0000)
 Next Bits: [0x0000027239ef0000, 0x000002723beb0000)

Polling page: 0x000002721e930000

Metaspace:

Usage:
  Non-class:     78.39 MB used.
      Class:     12.18 MB used.
       Both:     90.57 MB used.

Virtual space:
  Non-class space:      128.00 MB reserved,      78.75 MB ( 62%) committed,  2 nodes.
      Class space:        1.00 GB reserved,      12.50 MB (  1%) committed,  1 nodes.
             Both:        1.12 GB reserved,      91.25 MB (  8%) committed. 

Chunk freelists:
   Non-Class:  688.00 KB
       Class:  3.45 MB
        Both:  4.12 MB

MaxMetaspaceSize: unlimited
CompressedClassSpaceSize: 1.00 GB
Initial GC threshold: 21.00 MB
Current GC threshold: 143.12 MB
CDS: on
MetaspaceReclaimPolicy: balanced
 - commit_granule_bytes: 65536.
 - commit_granule_words: 8192.
 - virtual_space_node_default_size: 8388608.
 - enlarge_chunks_in_place: 1.
 - new_chunks_are_fully_committed: 0.
 - uncommit_free_chunks: 1.
 - use_allocation_guard: 0.
 - handle_deallocations: 1.


Internal statistics:

num_allocs_failed_limit: 11.
num_arena_births: 1088.
num_arena_deaths: 2.
num_vsnodes_births: 3.
num_vsnodes_deaths: 0.
num_space_committed: 1460.
num_space_uncommitted: 0.
num_chunks_returned_to_freelist: 14.
num_chunks_taken_from_freelist: 4739.
num_chunk_merges: 11.
num_chunk_splits: 3352.
num_chunks_enlarged: 2556.
num_inconsistent_stats: 0.

CodeHeap 'non-profiled nmethods': size=120000Kb used=10894Kb max_used=10894Kb free=109105Kb
 bounds [0x000002722fcf0000, 0x00000272307a0000, 0x0000027237220000]
CodeHeap 'profiled nmethods': size=120000Kb used=26296Kb max_used=27903Kb free=93703Kb
 bounds [0x0000027228220000, 0x0000027229d80000, 0x000002722f750000]
CodeHeap 'non-nmethods': size=5760Kb used=1385Kb max_used=1493Kb free=4375Kb
 bounds [0x000002722f750000, 0x000002722f9c0000, 0x000002722fcf0000]
 total_blobs=15428 nmethods=14709 adapters=628
 compilation: enabled
              stopped_count=0, restarted_count=0
 full_count=0

Compilation events (20 events):
Event: 20.847 Thread 0x000002723e6cb0e0 nmethod 18364 0x000002722909da10 code [0x000002722909dc00, 0x000002722909e188]
Event: 20.848 Thread 0x000002723e6cb0e0 18365       3       org.springframework.expression.common.TemplateAwareExpressionParser::parseTemplate (44 bytes)
Event: 20.848 Thread 0x000002723e6cb0e0 nmethod 18365 0x00000272290e9890 code [0x00000272290e9a80, 0x00000272290e9f78]
Event: 20.851 Thread 0x000002723e6cb0e0 18366       3       org.springframework.boot.context.properties.ConfigurationPropertiesBeanRegistrar$$Lambda$806/0x000002724039b920::<init> (10 bytes)
Event: 20.851 Thread 0x000002723e6cb0e0 nmethod 18366 0x0000027228ada510 code [0x0000027228ada6a0, 0x0000027228ada858]
Event: 20.851 Thread 0x000002723e6cb0e0 18367       3       org.springframework.boot.context.properties.ConfigurationPropertiesBeanRegistrar::createBeanDefinition (44 bytes)
Event: 20.851 Thread 0x000002723e6cb0e0 nmethod 18367 0x0000027228783d10 code [0x0000027228783f20, 0x00000272287845e8]
Event: 20.851 Thread 0x000002723e6cb0e0 18368       3       org.springframework.boot.context.properties.ConfigurationPropertiesBean::deduceBindMethod (14 bytes)
Event: 20.851 Thread 0x000002723e6cb0e0 nmethod 18368 0x0000027229219810 code [0x00000272292199a0, 0x0000027229219b18]
Event: 20.853 Thread 0x000002723e6cb0e0 18370       3       java.lang.invoke.DelegatingMethodHandle$Holder::reinvoke_L (20 bytes)
Event: 20.853 Thread 0x000002723e6cb0e0 nmethod 18370 0x0000027228f20890 code [0x0000027228f20a40, 0x0000027228f20dd8]
Event: 20.859 Thread 0x000002723e6cb0e0 18371       3       org.springframework.beans.factory.support.BeanDefinitionBuilder::<init> (10 bytes)
Event: 20.860 Thread 0x000002723e6cb0e0 nmethod 18371 0x0000027228b94910 code [0x0000027228b94aa0, 0x0000027228b94c58]
Event: 20.862 Thread 0x000002723e6cb0e0 18372       3       org.springframework.beans.factory.support.BeanDefinitionBuilder::addPropertyValue (15 bytes)
Event: 20.862 Thread 0x000002723e6cb0e0 nmethod 18372 0x0000027228a07090 code [0x0000027228a07260, 0x0000027228a07838]
Event: 20.862 Thread 0x000002723e6cb0e0 18373       3       ch.qos.logback.classic.Logger::isInfoEnabled (6 bytes)
Event: 20.863 Thread 0x000002723e6cb0e0 nmethod 18373 0x0000027229255510 code [0x00000272292556c0, 0x0000027229255808]
Event: 20.864 Thread 0x000002723e6cb0e0 18375       3       org.springframework.core.annotation.MergedAnnotationsCollection::stream (10 bytes)
Event: 20.865 Thread 0x000002723e6cb0e0 nmethod 18375 0x00000272291d2510 code [0x00000272291d26e0, 0x00000272291d2b68]
Event: 20.873 Thread 0x000002723e6cb0e0 18376   !   3       org.springframework.beans.factory.support.AbstractAutowireCapableBeanFactory::getTypeForFactoryMethod (540 bytes)

GC Heap History (20 events):
Event: 14.271 GC heap before
{Heap before GC invocations=31 (full 0):
 garbage-first heap   total 172032K, used 138956K [0x0000000081000000, 0x0000000100000000)
  region size 1024K, 68 young (69632K), 2 survivors (2048K)
 Metaspace       used 87947K, committed 88576K, reserved 1179648K
  class space    used 12177K, committed 12480K, reserved 1048576K
}
Event: 14.277 GC heap after
{Heap after GC invocations=32 (full 0):
 garbage-first heap   total 172032K, used 75963K [0x0000000081000000, 0x0000000100000000)
  region size 1024K, 7 young (7168K), 7 survivors (7168K)
 Metaspace       used 87947K, committed 88576K, reserved 1179648K
  class space    used 12177K, committed 12480K, reserved 1048576K
}
Event: 14.285 GC heap before
{Heap before GC invocations=32 (full 0):
 garbage-first heap   total 172032K, used 76987K [0x0000000081000000, 0x0000000100000000)
  region size 1024K, 8 young (8192K), 7 survivors (7168K)
 Metaspace       used 87954K, committed 88576K, reserved 1179648K
  class space    used 12177K, committed 12480K, reserved 1048576K
}
Event: 14.296 GC heap after
{Heap after GC invocations=33 (full 0):
 garbage-first heap   total 172032K, used 63251K [0x0000000081000000, 0x0000000100000000)
  region size 1024K, 1 young (1024K), 1 survivors (1024K)
 Metaspace       used 87954K, committed 88576K, reserved 1179648K
  class space    used 12177K, committed 12480K, reserved 1048576K
}
Event: 14.337 GC heap before
{Heap before GC invocations=33 (full 0):
 garbage-first heap   total 172032K, used 69395K [0x0000000081000000, 0x0000000100000000)
  region size 1024K, 8 young (8192K), 1 survivors (1024K)
 Metaspace       used 88016K, committed 88640K, reserved 1179648K
  class space    used 12177K, committed 12480K, reserved 1048576K
}
Event: 14.340 GC heap after
{Heap after GC invocations=34 (full 0):
 garbage-first heap   total 172032K, used 61424K [0x0000000081000000, 0x0000000100000000)
  region size 1024K, 1 young (1024K), 1 survivors (1024K)
 Metaspace       used 88016K, committed 88640K, reserved 1179648K
  class space    used 12177K, committed 12480K, reserved 1048576K
}
Event: 14.632 GC heap before
{Heap before GC invocations=34 (full 0):
 garbage-first heap   total 172032K, used 139248K [0x0000000081000000, 0x0000000100000000)
  region size 1024K, 77 young (78848K), 1 survivors (1024K)
 Metaspace       used 88466K, committed 89088K, reserved 1179648K
  class space    used 12194K, committed 12480K, reserved 1048576K
}
Event: 14.636 GC heap after
{Heap after GC invocations=35 (full 0):
 garbage-first heap   total 172032K, used 65861K [0x0000000081000000, 0x0000000100000000)
  region size 1024K, 5 young (5120K), 5 survivors (5120K)
 Metaspace       used 88466K, committed 89088K, reserved 1179648K
  class space    used 12194K, committed 12480K, reserved 1048576K
}
Event: 14.994 GC heap before
{Heap before GC invocations=35 (full 0):
 garbage-first heap   total 172032K, used 139589K [0x0000000081000000, 0x0000000100000000)
  region size 1024K, 77 young (78848K), 5 survivors (5120K)
 Metaspace       used 88675K, committed 89344K, reserved 1179648K
  class space    used 12199K, committed 12480K, reserved 1048576K
}
Event: 15.001 GC heap after
{Heap after GC invocations=36 (full 0):
 garbage-first heap   total 382976K, used 71102K [0x0000000081000000, 0x0000000100000000)
  region size 1024K, 10 young (10240K), 10 survivors (10240K)
 Metaspace       used 88675K, committed 89344K, reserved 1179648K
  class space    used 12199K, committed 12480K, reserved 1048576K
}
Event: 16.155 GC heap before
{Heap before GC invocations=36 (full 0):
 garbage-first heap   total 382976K, used 290238K [0x0000000081000000, 0x0000000100000000)
  region size 1024K, 224 young (229376K), 10 survivors (10240K)
 Metaspace       used 89542K, committed 90176K, reserved 1179648K
  class space    used 12231K, committed 12544K, reserved 1048576K
}
Event: 16.165 GC heap after
{Heap after GC invocations=37 (full 0):
 garbage-first heap   total 382976K, used 80839K [0x0000000081000000, 0x0000000100000000)
  region size 1024K, 20 young (20480K), 20 survivors (20480K)
 Metaspace       used 89542K, committed 90176K, reserved 1179648K
  class space    used 12231K, committed 12544K, reserved 1048576K
}
Event: 17.777 GC heap before
{Heap before GC invocations=37 (full 0):
 garbage-first heap   total 382976K, used 289735K [0x0000000081000000, 0x0000000100000000)
  region size 1024K, 224 young (229376K), 20 survivors (20480K)
 Metaspace       used 90649K, committed 91328K, reserved 1179648K
  class space    used 12356K, committed 12672K, reserved 1048576K
}
Event: 17.786 GC heap after
{Heap after GC invocations=38 (full 0):
 garbage-first heap   total 382976K, used 77792K [0x0000000081000000, 0x0000000100000000)
  region size 1024K, 10 young (10240K), 10 survivors (10240K)
 Metaspace       used 90649K, committed 91328K, reserved 1179648K
  class space    used 12356K, committed 12672K, reserved 1048576K
}
Event: 18.713 GC heap before
{Heap before GC invocations=38 (full 0):
 garbage-first heap   total 382976K, used 296928K [0x0000000081000000, 0x0000000100000000)
  region size 1024K, 224 young (229376K), 10 survivors (10240K)
 Metaspace       used 91343K, committed 92032K, reserved 1179648K
  class space    used 12389K, committed 12736K, reserved 1048576K
}
Event: 18.722 GC heap after
{Heap after GC invocations=39 (full 0):
 garbage-first heap   total 382976K, used 82912K [0x0000000081000000, 0x0000000100000000)
  region size 1024K, 15 young (15360K), 15 survivors (15360K)
 Metaspace       used 91343K, committed 92032K, reserved 1179648K
  class space    used 12389K, committed 12736K, reserved 1048576K
}
Event: 19.678 GC heap before
{Heap before GC invocations=39 (full 0):
 garbage-first heap   total 382976K, used 296928K [0x0000000081000000, 0x0000000100000000)
  region size 1024K, 224 young (229376K), 15 survivors (15360K)
 Metaspace       used 91797K, committed 92480K, reserved 1179648K
  class space    used 12414K, committed 12736K, reserved 1048576K
}
Event: 19.684 GC heap after
{Heap after GC invocations=40 (full 0):
 garbage-first heap   total 382976K, used 77637K [0x0000000081000000, 0x0000000100000000)
  region size 1024K, 10 young (10240K), 10 survivors (10240K)
 Metaspace       used 91797K, committed 92480K, reserved 1179648K
  class space    used 12414K, committed 12736K, reserved 1048576K
}
Event: 20.514 GC heap before
{Heap before GC invocations=40 (full 0):
 garbage-first heap   total 382976K, used 295749K [0x0000000081000000, 0x0000000100000000)
  region size 1024K, 224 young (229376K), 10 survivors (10240K)
 Metaspace       used 92391K, committed 93120K, reserved 1179648K
  class space    used 12447K, committed 12800K, reserved 1048576K
}
Event: 20.523 GC heap after
{Heap after GC invocations=41 (full 0):
 garbage-first heap   total 382976K, used 82212K [0x0000000081000000, 0x0000000100000000)
  region size 1024K, 15 young (15360K), 15 survivors (15360K)
 Metaspace       used 92391K, committed 93120K, reserved 1179648K
  class space    used 12447K, committed 12800K, reserved 1048576K
}

Deoptimization events (20 events):
Event: 20.445 Thread 0x00000272209605f0 DEOPT PACKING pc=0x00000272306e1e80 sp=0x000000c705afb5d0
Event: 20.445 Thread 0x00000272209605f0 DEOPT UNPACKING pc=0x000002722f7a23a3 sp=0x000000c705afb420 mode 2
Event: 20.445 Thread 0x00000272209605f0 Uncommon trap: trap_request=0xffffff6e fr.pc=0x00000272306dc314 relative=0x0000000000000174
Event: 20.445 Thread 0x00000272209605f0 Uncommon trap: reason=loop_limit_check action=maybe_recompile pc=0x00000272306dc314 method=org.hibernate.internal.util.collections.StandardStack.findCurrentFirst(Ljava/util/function/Function;)Ljava/lang/Object; @ 8 c2
Event: 20.445 Thread 0x00000272209605f0 DEOPT PACKING pc=0x00000272306dc314 sp=0x000000c705afb4f0
Event: 20.445 Thread 0x00000272209605f0 DEOPT UNPACKING pc=0x000002722f7a23a3 sp=0x000000c705afb480 mode 2
Event: 20.559 Thread 0x00000272209605f0 DEOPT PACKING pc=0x0000027228b6476d sp=0x000000c705af7890
Event: 20.559 Thread 0x00000272209605f0 DEOPT UNPACKING pc=0x000002722f7a2b43 sp=0x000000c705af6d70 mode 0
Event: 20.685 Thread 0x00000272209605f0 Uncommon trap: trap_request=0xffffff45 fr.pc=0x00000272303ec4e8 relative=0x0000000000000728
Event: 20.685 Thread 0x00000272209605f0 Uncommon trap: reason=unstable_if action=reinterpret pc=0x00000272303ec4e8 method=java.lang.ThreadLocal$ThreadLocalMap.set(Ljava/lang/ThreadLocal;Ljava/lang/Object;)V @ 53 c2
Event: 20.685 Thread 0x00000272209605f0 DEOPT PACKING pc=0x00000272303ec4e8 sp=0x000000c705afcfd0
Event: 20.685 Thread 0x00000272209605f0 DEOPT UNPACKING pc=0x000002722f7a23a3 sp=0x000000c705afcf20 mode 2
Event: 20.689 Thread 0x00000272209605f0 Uncommon trap: trap_request=0xffffff45 fr.pc=0x0000027230550c78 relative=0x0000000000000738
Event: 20.689 Thread 0x00000272209605f0 Uncommon trap: reason=unstable_if action=reinterpret pc=0x0000027230550c78 method=java.lang.ThreadLocal$ThreadLocalMap.set(Ljava/lang/ThreadLocal;Ljava/lang/Object;)V @ 53 c2
Event: 20.689 Thread 0x00000272209605f0 DEOPT PACKING pc=0x0000027230550c78 sp=0x000000c705afbd80
Event: 20.689 Thread 0x00000272209605f0 DEOPT UNPACKING pc=0x000002722f7a23a3 sp=0x000000c705afbd50 mode 2
Event: 20.729 Thread 0x00000272209605f0 DEOPT PACKING pc=0x00000272295315d3 sp=0x000000c705afceb0
Event: 20.729 Thread 0x00000272209605f0 DEOPT UNPACKING pc=0x000002722f7a2b43 sp=0x000000c705afc378 mode 0
Event: 20.873 Thread 0x00000272209605f0 DEOPT PACKING pc=0x0000027228a5cb63 sp=0x000000c705afbdf0
Event: 20.873 Thread 0x00000272209605f0 DEOPT UNPACKING pc=0x000002722f7a2b43 sp=0x000000c705afb3c0 mode 0

Classes unloaded (1 events):
Event: 13.841 Thread 0x000002723e69cb40 Unloading class 0x0000027240b24000 'net/bytebuddy/mirror/AccessibleObject'

Classes redefined (0 events):
No events

Internal exceptions (20 events):
Event: 20.312 Thread 0x00000272209605f0 Exception <a 'java/lang/NoClassDefFoundError'{0x000000008f104b20}: org/springframework/batch/core/repository/JobRepository> (0x000000008f104b20) 
thrown [s\open\src\hotspot\share\oops\constantPool.cpp, line 835]
Event: 20.312 Thread 0x00000272209605f0 Exception <a 'java/lang/NoClassDefFoundError'{0x000000008f105c08}: org/quartz/Scheduler> (0x000000008f105c08) 
thrown [s\open\src\hotspot\share\oops\constantPool.cpp, line 835]
Event: 20.312 Thread 0x00000272209605f0 Exception <a 'java/lang/NoClassDefFoundError'{0x000000008f106d18}: org/springframework/session/jdbc/JdbcIndexedSessionRepository> (0x000000008f106d18) 
thrown [s\open\src\hotspot\share\oops\constantPool.cpp, line 835]
Event: 20.338 Thread 0x00000272209605f0 Exception <a 'sun/nio/fs/WindowsException'{0x000000008eaaaab8}> (0x000000008eaaaab8) 
thrown [s\open\src\hotspot\share\prims\jni.cpp, line 516]
Event: 20.338 Thread 0x00000272209605f0 Exception <a 'sun/nio/fs/WindowsException'{0x000000008eaccc50}> (0x000000008eaccc50) 
thrown [s\open\src\hotspot\share\prims\jni.cpp, line 516]
Event: 20.395 Thread 0x00000272209605f0 Implicit null exception at 0x00000272306d6f21 to 0x00000272306d7530
Event: 20.545 Thread 0x00000272209605f0 Exception <a 'java/io/FileNotFoundException'{0x0000000098278f38}> (0x0000000098278f38) 
thrown [s\open\src\hotspot\share\prims\jni.cpp, line 516]
Event: 20.546 Thread 0x00000272209605f0 Exception <a 'java/io/FileNotFoundException'{0x0000000098286f78}> (0x0000000098286f78) 
thrown [s\open\src\hotspot\share\prims\jni.cpp, line 516]
Event: 20.600 Thread 0x00000272209605f0 Exception <a 'sun/nio/fs/WindowsException'{0x0000000097686e00}> (0x0000000097686e00) 
thrown [s\open\src\hotspot\share\prims\jni.cpp, line 516]
Event: 20.600 Thread 0x00000272209605f0 Exception <a 'sun/nio/fs/WindowsException'{0x00000000976a8f98}> (0x00000000976a8f98) 
thrown [s\open\src\hotspot\share\prims\jni.cpp, line 516]
Event: 20.717 Thread 0x00000272209605f0 Exception <a 'java/lang/NoSuchMethodError'{0x0000000095a1b8e8}: 'java.lang.Object java.lang.invoke.Invokers$Holder.linkToTargetMethod(java.lang.Object, int, java.lang.Object, java.lang.Object, java.lang.Object, java.lang.Object)'> (0x0000000095a1b8e8) 
thrown [s\open\src\hotspot\share\interpreter\linkResolver.cpp, line 759]
Event: 20.718 Thread 0x00000272209605f0 Exception <a 'java/lang/NoSuchMethodError'{0x0000000095a28db0}: 'int java.lang.invoke.DirectMethodHandle$Holder.invokeStatic(java.lang.Object, java.lang.Object, int, java.lang.Object)'> (0x0000000095a28db0) 
thrown [s\open\src\hotspot\share\interpreter\linkResolver.cpp, line 759]
Event: 20.751 Thread 0x00000272209605f0 Exception <a 'sun/nio/fs/WindowsException'{0x0000000095505fe0}> (0x0000000095505fe0) 
thrown [s\open\src\hotspot\share\prims\jni.cpp, line 516]
Event: 20.752 Thread 0x00000272209605f0 Exception <a 'sun/nio/fs/WindowsException'{0x000000009552a540}> (0x000000009552a540) 
thrown [s\open\src\hotspot\share\prims\jni.cpp, line 516]
Event: 20.854 Thread 0x00000272209605f0 Exception <a 'sun/nio/fs/WindowsException'{0x0000000093c35990}> (0x0000000093c35990) 
thrown [s\open\src\hotspot\share\prims\jni.cpp, line 516]
Event: 20.855 Thread 0x00000272209605f0 Exception <a 'sun/nio/fs/WindowsException'{0x0000000093c57b28}> (0x0000000093c57b28) 
thrown [s\open\src\hotspot\share\prims\jni.cpp, line 516]
Event: 20.860 Thread 0x00000272209605f0 Exception <a 'sun/nio/fs/WindowsException'{0x0000000093b9eb20}> (0x0000000093b9eb20) 
thrown [s\open\src\hotspot\share\prims\jni.cpp, line 516]
Event: 20.860 Thread 0x00000272209605f0 Exception <a 'sun/nio/fs/WindowsException'{0x0000000093bb8290}> (0x0000000093bb8290) 
thrown [s\open\src\hotspot\share\prims\jni.cpp, line 516]
Event: 20.880 Thread 0x00000272209605f0 Exception <a 'java/lang/NoClassDefFoundError'{0x000000009370ecf8}: org/flywaydb/core/Flyway> (0x000000009370ecf8) 
thrown [s\open\src\hotspot\share\oops\constantPool.cpp, line 835]
Event: 20.880 Thread 0x00000272209605f0 Exception <a 'java/lang/NoClassDefFoundError'{0x000000009370fde8}: liquibase/integration/spring/SpringLiquibase> (0x000000009370fde8) 
thrown [s\open\src\hotspot\share\oops\constantPool.cpp, line 835]

VM Operations (20 events):
Event: 19.678 Executing VM operation: G1CollectForAllocation
Event: 19.684 Executing VM operation: G1CollectForAllocation done
Event: 19.877 Executing VM operation: ICBufferFull
Event: 19.877 Executing VM operation: ICBufferFull done
Event: 19.891 Executing VM operation: HandshakeAllThreads
Event: 19.891 Executing VM operation: HandshakeAllThreads done
Event: 20.003 Executing VM operation: HandshakeAllThreads
Event: 20.003 Executing VM operation: HandshakeAllThreads done
Event: 20.048 Executing VM operation: HandshakeAllThreads
Event: 20.048 Executing VM operation: HandshakeAllThreads done
Event: 20.120 Executing VM operation: ICBufferFull
Event: 20.120 Executing VM operation: ICBufferFull done
Event: 20.458 Executing VM operation: ICBufferFull
Event: 20.458 Executing VM operation: ICBufferFull done
Event: 20.514 Executing VM operation: G1CollectForAllocation
Event: 20.523 Executing VM operation: G1CollectForAllocation done
Event: 20.720 Executing VM operation: HandshakeAllThreads
Event: 20.720 Executing VM operation: HandshakeAllThreads done
Event: 20.786 Executing VM operation: ICBufferFull
Event: 20.786 Executing VM operation: ICBufferFull done

Events (20 events):
Event: 20.845 loading class groovy/text/TemplateEngine
Event: 20.845 loading class groovy/text/TemplateEngine done
Event: 20.845 loading class org/thymeleaf/spring6/SpringTemplateEngine
Event: 20.845 loading class org/thymeleaf/spring6/SpringTemplateEngine done
Event: 20.845 loading class org/apache/jasper/compiler/JspConfig
Event: 20.845 loading class org/apache/jasper/compiler/JspConfig done
Event: 20.848 loading class io/r2dbc/spi/ConnectionFactory
Event: 20.848 loading class io/r2dbc/spi/ConnectionFactory done
Event: 20.859 loading class org/springframework/instrument/InstrumentationSavingAgent
Event: 20.859 loading class org/springframework/instrument/InstrumentationSavingAgent done
Event: 20.859 loading class org/eclipse/persistence/internal/jpa/deployment/JavaSECMPInitializerAgent
Event: 20.859 loading class org/eclipse/persistence/internal/jpa/deployment/JavaSECMPInitializerAgent done
Event: 20.859 loading class org/springframework/instrument/InstrumentationSavingAgent
Event: 20.859 loading class org/springframework/instrument/InstrumentationSavingAgent done
Event: 20.859 loading class org/eclipse/persistence/internal/jpa/deployment/JavaSECMPInitializerAgent
Event: 20.859 loading class org/eclipse/persistence/internal/jpa/deployment/JavaSECMPInitializerAgent done
Event: 20.863 loading class org/springframework/hateoas/server/mvc/TypeConstrainedMappingJackson2HttpMessageConverter
Event: 20.864 loading class org/springframework/hateoas/server/mvc/TypeConstrainedMappingJackson2HttpMessageConverter done
Event: 20.864 loading class org/springframework/data/rest/webmvc/alps/AlpsJsonHttpMessageConverter
Event: 20.864 loading class org/springframework/data/rest/webmvc/alps/AlpsJsonHttpMessageConverter done


Dynamic libraries:
0x00007ff62bab0000 - 0x00007ff62bac0000 	C:\Program Files\Java\jdk-17\bin\java.exe
0x00007fff6b800000 - 0x00007fff6ba09000 	C:\Windows\SYSTEM32\ntdll.dll
0x00007fff6a970000 - 0x00007fff6aa2d000 	C:\Windows\System32\KERNEL32.DLL
0x00007fff68cc0000 - 0x00007fff69044000 	C:\Windows\System32\KERNELBASE.dll
0x00007fff693d0000 - 0x00007fff694e1000 	C:\Windows\System32\ucrtbase.dll
0x00007fff53c50000 - 0x00007fff53c69000 	C:\Program Files\Java\jdk-17\bin\jli.dll
0x00007fff6a170000 - 0x00007fff6a21e000 	C:\Windows\System32\ADVAPI32.dll
0x00007fff56cd0000 - 0x00007fff56ceb000 	C:\Program Files\Java\jdk-17\bin\VCRUNTIME140.dll
0x00007fff6a6b0000 - 0x00007fff6a753000 	C:\Windows\System32\msvcrt.dll
0x00007fff6aaa0000 - 0x00007fff6ab3e000 	C:\Windows\System32\sechost.dll
0x00007fff69690000 - 0x00007fff697b1000 	C:\Windows\System32\RPCRT4.dll
0x00007fff6a3e0000 - 0x00007fff6a58d000 	C:\Windows\System32\USER32.dll
0x00007fff68c90000 - 0x00007fff68cb6000 	C:\Windows\System32\win32u.dll
0x00007fff69970000 - 0x00007fff6999a000 	C:\Windows\System32\GDI32.dll
0x00007fff69050000 - 0x00007fff6916e000 	C:\Windows\System32\gdi32full.dll
0x00007fff4e8a0000 - 0x00007fff4eb45000 	C:\Windows\WinSxS\amd64_microsoft.windows.common-controls_6595b64144ccf1df_6.0.22000.120_none_9d947278b86cc467\COMCTL32.dll
0x00007fff694f0000 - 0x00007fff6958d000 	C:\Windows\System32\msvcp_win.dll
0x00007fff63a20000 - 0x00007fff63a2a000 	C:\Windows\SYSTEM32\VERSION.dll
0x00007fff69650000 - 0x00007fff69681000 	C:\Windows\System32\IMM32.DLL
0x00007fff581d0000 - 0x00007fff581dc000 	C:\Program Files\Java\jdk-17\bin\vcruntime140_1.dll
0x00007fff314e0000 - 0x00007fff3156e000 	C:\Program Files\Java\jdk-17\bin\msvcp140.dll
0x00007fff29b70000 - 0x00007fff2a74f000 	C:\Program Files\Java\jdk-17\bin\server\jvm.dll
0x00007fff6b250000 - 0x00007fff6b258000 	C:\Windows\System32\PSAPI.DLL
0x00007fff523c0000 - 0x00007fff523c9000 	C:\Windows\SYSTEM32\WSOCK32.dll
0x00007fff6b260000 - 0x00007fff6b2cf000 	C:\Windows\System32\WS2_32.dll
0x00007fff5d1d0000 - 0x00007fff5d203000 	C:\Windows\SYSTEM32\WINMM.dll
0x00007fff67d70000 - 0x00007fff67d88000 	C:\Windows\SYSTEM32\kernel.appcore.dll
0x00007fff52690000 - 0x00007fff5269a000 	C:\Program Files\Java\jdk-17\bin\jimage.dll
0x00007fff5fcc0000 - 0x00007fff5fee1000 	C:\Windows\SYSTEM32\DBGHELP.DLL
0x00007fff520e0000 - 0x00007fff52111000 	C:\Windows\SYSTEM32\dbgcore.DLL
0x00007fff69350000 - 0x00007fff693cf000 	C:\Windows\System32\bcryptPrimitives.dll
0x00007fff4aa30000 - 0x00007fff4aa55000 	C:\Program Files\Java\jdk-17\bin\java.dll
0x00007fff30d30000 - 0x00007fff30e07000 	C:\Program Files\Java\jdk-17\bin\jsvml.dll
0x00007fff699a0000 - 0x00007fff6a165000 	C:\Windows\System32\SHELL32.dll
0x00007fff66d60000 - 0x00007fff675c2000 	C:\Windows\SYSTEM32\windows.storage.dll
0x00007fff6b440000 - 0x00007fff6b7b6000 	C:\Windows\System32\combase.dll
0x00007fff66bf0000 - 0x00007fff66d57000 	C:\Windows\SYSTEM32\wintypes.dll
0x00007fff6a880000 - 0x00007fff6a96a000 	C:\Windows\System32\SHCORE.dll
0x00007fff6a650000 - 0x00007fff6a6ad000 	C:\Windows\System32\shlwapi.dll
0x00007fff68bc0000 - 0x00007fff68be5000 	C:\Windows\SYSTEM32\profapi.dll
0x00007fff52420000 - 0x00007fff52439000 	C:\Program Files\Java\jdk-17\bin\net.dll
0x00007fff63840000 - 0x00007fff63954000 	C:\Windows\SYSTEM32\WINHTTP.dll
0x00007fff68220000 - 0x00007fff68287000 	C:\Windows\system32\mswsock.dll
0x00007fff48430000 - 0x00007fff48446000 	C:\Program Files\Java\jdk-17\bin\nio.dll
0x00007fff47eb0000 - 0x00007fff47ec8000 	C:\Program Files\Java\jdk-17\bin\zip.dll
0x00007fff65390000 - 0x00007fff6539a000 	C:\Program Files\Java\jdk-17\bin\management.dll
0x00007fff65380000 - 0x00007fff6538b000 	C:\Program Files\Java\jdk-17\bin\management_ext.dll
0x00007fff65370000 - 0x00007fff6537e000 	C:\Program Files\Java\jdk-17\bin\sunmscapi.dll
0x00007fff69170000 - 0x00007fff692d2000 	C:\Windows\System32\CRYPT32.dll
0x00007fff68630000 - 0x00007fff68658000 	C:\Windows\SYSTEM32\ncrypt.dll
0x00007fff685f0000 - 0x00007fff68627000 	C:\Windows\SYSTEM32\NTASN1.dll
0x00007fff68490000 - 0x00007fff684a8000 	C:\Windows\SYSTEM32\CRYPTSP.dll
0x00007fff67cd0000 - 0x00007fff67d05000 	C:\Windows\system32\rsaenh.dll
0x00007fff68340000 - 0x00007fff6836c000 	C:\Windows\SYSTEM32\USERENV.dll
0x00007fff68660000 - 0x00007fff68687000 	C:\Windows\SYSTEM32\bcrypt.dll
0x00007fff684b0000 - 0x00007fff684bc000 	C:\Windows\SYSTEM32\CRYPTBASE.dll
0x00007fff67890000 - 0x00007fff678bd000 	C:\Windows\SYSTEM32\IPHLPAPI.DLL
0x00007fff6b020000 - 0x00007fff6b029000 	C:\Windows\System32\NSI.dll
0x00007fff63a00000 - 0x00007fff63a19000 	C:\Windows\SYSTEM32\dhcpcsvc6.DLL
0x00007fff63e50000 - 0x00007fff63e6e000 	C:\Windows\SYSTEM32\dhcpcsvc.DLL
0x00007fff678c0000 - 0x00007fff679a7000 	C:\Windows\SYSTEM32\DNSAPI.dll
0x00007fff58260000 - 0x00007fff58270000 	C:\Program Files\Java\jdk-17\bin\verify.dll
0x00007fff58180000 - 0x00007fff5818e000 	C:\Program Files\Java\jdk-17\bin\instrument.dll

dbghelp: loaded successfully - version: 4.0.5 - missing functions: none
symbol engine: initialized successfully - sym options: 0x614 - pdb path: .;C:\Program Files\Java\jdk-17\bin;C:\Windows\SYSTEM32;C:\Windows\WinSxS\amd64_microsoft.windows.common-controls_6595b64144ccf1df_6.0.22000.120_none_9d947278b86cc467;C:\Program Files\Java\jdk-17\bin\server

VM Arguments:
java_command: C:\Users\Sibghatullah Durrani\AppData\Local\Temp\surefire15169637436052404411\surefirebooter-20240404143936916_3.jar C:\Users\Sibghatullah Durrani\AppData\Local\Temp\surefire15169637436052404411 2024-04-04T14-39-36_753-jvmRun1 surefire-20240404143936916_1tmp surefire_0-20240404143936916_2tmp
java_class_path (initial): C:\Users\Sibghatullah Durrani\AppData\Local\Temp\surefire15169637436052404411\surefirebooter-20240404143936916_3.jar
Launcher Type: SUN_STANDARD

[Global flags]
     intx CICompilerCount                          = 3                                         {product} {ergonomic}
     uint ConcGCThreads                            = 2                                         {product} {ergonomic}
     uint G1ConcRefinementThreads                  = 6                                         {product} {ergonomic}
   size_t G1HeapRegionSize                         = 1048576                                   {product} {ergonomic}
    uintx GCDrainStackTargetSize                   = 64                                        {product} {ergonomic}
   size_t InitialHeapSize                          = 134217728                                 {product} {ergonomic}
   size_t MarkStackSize                            = 4194304                                   {product} {ergonomic}
   size_t MaxHeapSize                              = 2130706432                                {product} {ergonomic}
   size_t MaxNewSize                               = 1278214144                                {product} {ergonomic}
   size_t MinHeapDeltaBytes                        = 1048576                                   {product} {ergonomic}
   size_t MinHeapSize                              = 8388608                                   {product} {ergonomic}
    uintx NonNMethodCodeHeapSize                   = 5832780                                {pd product} {ergonomic}
    uintx NonProfiledCodeHeapSize                  = 122912730                              {pd product} {ergonomic}
    uintx ProfiledCodeHeapSize                     = 122912730                              {pd product} {ergonomic}
    uintx ReservedCodeCacheSize                    = 251658240                              {pd product} {ergonomic}
     bool SegmentedCodeCache                       = true                                      {product} {ergonomic}
   size_t SoftMaxHeapSize                          = 2130706432                             {manageable} {ergonomic}
     bool UseCompressedClassPointers               = true                           {product lp64_product} {ergonomic}
     bool UseCompressedOops                        = true                           {product lp64_product} {ergonomic}
     bool UseG1GC                                  = true                                      {product} {ergonomic}
     bool UseLargePagesIndividualAllocation        = false                                  {pd product} {ergonomic}

Logging:
Log output configuration:
 #0: stdout all=warning uptime,level,tags
 #1: stderr all=off uptime,level,tags

Environment Variables:
JAVA_HOME=C:\Program Files\Java\jdk-17
PATH=C:\Program Files\Common Files\Oracle\Java\javapath;C:\Windows\system32;C:\Windows;C:\Windows\System32\Wbem;C:\Windows\System32\WindowsPowerShell\v1.0\;C:\Windows\System32\OpenSSH\;C:\Program Files\NVIDIA Corporation\NVIDIA NvDLISR;C:\Program Files\Cloudflare\Cloudflare WARP\;C:\Program Files\Git\cmd;C:\Program Files\nodejs\;C:\Users\Sibghatullah Durrani\AppData\Local\Programs\Python\Python310\Scripts\;C:\Users\Sibghatullah Durrani\AppData\Local\Programs\Python\Python310\;C:\Users\Sibghatullah Durrani\AppData\Local\Microsoft\WindowsApps;C:\Users\Sibghatullah Durrani\AppData\Local\Programs\Microsoft VS Code\bin;C:\Program Files\heroku\bin;D:\IntelliJ IDEA Community Edition 2023.3.3\bin;;C:\Users\Sibghatullah Durrani\AppData\Roaming\npm
USERNAME=Sibghatullah Durrani
OS=Windows_NT
PROCESSOR_IDENTIFIER=Intel64 Family 6 Model 158 Stepping 10, GenuineIntel



---------------  S Y S T E M  ---------------

OS:
 Windows 11 , 64 bit Build 22000 (10.0.22000.2538)
OS uptime: 0 days 1:25 hours

CPU: total 6 (initial active 6) (6 cores per cpu, 1 threads per core) family 6 model 158 stepping 10 microcode 0xde, cx8, cmov, fxsr, mmx, 3dnowpref, sse, sse2, sse3, ssse3, sse4.1, sse4.2, popcnt, lzcnt, tsc, tscinvbit, avx, avx2, aes, erms, clmul, bmi1, bmi2, rtm, adx, fma, vzeroupper, clflush, clflushopt

Memory: 4k page, system-wide physical 8125M (455M free)
TotalPageFile size 22498M (AvailPageFile size 2754M)
current process WorkingSet (physical memory assigned to process): 627M, peak: 634M
current process commit charge ("private bytes"): 676M, peak: 685M

vm_info: Java HotSpot(TM) 64-Bit Server VM (17.0.10+11-LTS-240) for windows-amd64 JRE (17.0.10+11-LTS-240), built on Dec 19 2023 21:47:25 by "mach5one" with MS VC++ 17.1 (VS2022)

END.
